#
# There is insufficient memory for the Java Runtime Environment to continue.
# Native memory allocation (mmap) failed to map 64487424 bytes for committing reserved memory.
# Possible reasons:
#   The system is out of physical RAM or swap space
#   The process is running with CompressedOops enabled, and the Java Heap may be blocking the growth of the native heap
# Possible solutions:
#   Reduce memory load on the system
#   Increase physical memory or swap space
#   Check if swap backing store is full
#   Decrease Java heap size (-Xmx/-Xms)
#   Decrease number of Java threads
#   Decrease Java thread stack sizes (-Xss)
#   Set larger code cache with -XX:ReservedCodeCacheSize=
# This output file may be truncated or incomplete.
#
#  Out of Memory Error (os_linux.cpp:2756), pid=7626, tid=0x00007f95759c1700
#
# JRE version:  (8.0_212-b01) (build )
# Java VM: OpenJDK 64-Bit Server VM (25.212-b01 mixed mode linux-amd64 compressed oops)
# Failed to write core dump. Core dumps have been disabled. To enable core dumping, try "ulimit -c unlimited" before starting Java again
#

---------------  T H R E A D  ---------------

Current thread (0x00007f956c00b000):  JavaThread "Unknown thread" [_thread_in_vm, id=7627, stack(0x00007f95758c2000,0x00007f95759c2000)]

Stack: [0x00007f95758c2000,0x00007f95759c2000],  sp=0x00007f95759c0650,  free space=1017k
Native frames: (J=compiled Java code, j=interpreted, Vv=VM code, C=native code)
V  [libjvm.so+0xa79300]
V  [libjvm.so+0x4cae7c]
V  [libjvm.so+0x8c7278]
V  [libjvm.so+0x8be57e]
V  [libjvm.so+0x93cace]
V  [libjvm.so+0x92d553]
V  [libjvm.so+0x2b1901]
V  [libjvm.so+0x8ec672]
V  [libjvm.so+0xa3d451]
V  [libjvm.so+0xa3d6b2]
V  [libjvm.so+0x6148ef]
V  [libjvm.so+0xa21fec]
V  [libjvm.so+0x68e671]  JNI_CreateJavaVM+0x61
C  [libjli.so+0x2e87]
C  [libjli.so+0x73ad]
C  [libpthread.so.0+0x74a4]  start_thread+0xc4


---------------  P R O C E S S  ---------------

Java Threads: ( => current thread )

Other Threads:

=>0x00007f956c00b000 (exited) JavaThread "Unknown thread" [_thread_in_vm, id=7627, stack(0x00007f95758c2000,0x00007f95759c2000)]

VM state:not at safepoint (not fully initialized)

VM Mutex/Monitor currently owned by a thread: None

heap address: 0x00000000a4800000, size: 1464 MB, Compressed Oops mode: Non-zero based:0x00000000a47ff000
Narrow klass base: 0x0000000000000000, Narrow klass shift: 0

GC Heap History (0 events):
No events

Deoptimization events (0 events):
No events

Classes redefined (0 events):
No events

Internal exceptions (0 events):
No events

Events (0 events):
No events


Dynamic libraries:
a8580000-e1800000 ---p 00000000 00:00 0 
e1800000-e3680000 rw-p 00000000 00:00 0 
e3680000-100000000 ---p 00000000 00:00 0 
555dc9354000-555dc9355000 r-xp 00000000 08:01 402604                     /usr/lib/jvm/java-8-openjdk-amd64/jre/bin/java
555dc9554000-555dc9555000 r--p 00000000 08:01 402604                     /usr/lib/jvm/java-8-openjdk-amd64/jre/bin/java
555dc9555000-555dc9556000 rw-p 00001000 08:01 402604                     /usr/lib/jvm/java-8-openjdk-amd64/jre/bin/java
555dcb1ed000-555dcb20e000 rw-p 00000000 00:00 0                          [heap]
7f955d000000-7f955d270000 rwxp 00000000 00:00 0 
7f955d270000-7f956c000000 ---p 00000000 00:00 0 
7f956c000000-7f956c032000 rw-p 00000000 00:00 0 
7f956c032000-7f9570000000 ---p 00000000 00:00 0 
7f9571cbb000-7f9571ea3000 ---p 00000000 00:00 0 
7f9571ea3000-7f9571eb3000 rw-p 00000000 00:00 0 
7f9571eb3000-7f9571f97000 ---p 00000000 00:00 0 
7f9571f97000-7f9571fa2000 rw-p 00000000 00:00 0 
7f9571fa2000-7f9572358000 ---p 00000000 00:00 0 
7f9572358000-7f9572360000 r-xp 00000000 08:01 420106                     /usr/lib/jvm/java-8-openjdk-amd64/jre/lib/amd64/libzip.so
7f9572360000-7f957255f000 ---p 00008000 08:01 420106                     /usr/lib/jvm/java-8-openjdk-amd64/jre/lib/amd64/libzip.so
7f957255f000-7f9572560000 r--p 00007000 08:01 420106                     /usr/lib/jvm/java-8-openjdk-amd64/jre/lib/amd64/libzip.so
7f9572560000-7f9572561000 rw-p 00008000 08:01 420106                     /usr/lib/jvm/java-8-openjdk-amd64/jre/lib/amd64/libzip.so
7f9572561000-7f957256b000 r-xp 00000000 08:01 524778                     /lib/x86_64-linux-gnu/libnss_files-2.24.so
7f957256b000-7f957276b000 ---p 0000a000 08:01 524778                     /lib/x86_64-linux-gnu/libnss_files-2.24.so
7f957276b000-7f957276c000 r--p 0000a000 08:01 524778                     /lib/x86_64-linux-gnu/libnss_files-2.24.so
7f957276c000-7f957276d000 rw-p 0000b000 08:01 524778                     /lib/x86_64-linux-gnu/libnss_files-2.24.so
7f957276d000-7f9572773000 rw-p 00000000 00:00 0 
7f9572773000-7f957277e000 r-xp 00000000 08:01 524780                     /lib/x86_64-linux-gnu/libnss_nis-2.24.so
7f957277e000-7f957297d000 ---p 0000b000 08:01 524780                     /lib/x86_64-linux-gnu/libnss_nis-2.24.so
7f957297d000-7f957297e000 r--p 0000a000 08:01 524780                     /lib/x86_64-linux-gnu/libnss_nis-2.24.so
7f957297e000-7f957297f000 rw-p 0000b000 08:01 524780                     /lib/x86_64-linux-gnu/libnss_nis-2.24.so
7f957297f000-7f9572993000 r-xp 00000000 08:01 524775                     /lib/x86_64-linux-gnu/libnsl-2.24.so
7f9572993000-7f9572b93000 ---p 00014000 08:01 524775                     /lib/x86_64-linux-gnu/libnsl-2.24.so
7f9572b93000-7f9572b94000 r--p 00014000 08:01 524775                     /lib/x86_64-linux-gnu/libnsl-2.24.so
7f9572b94000-7f9572b95000 rw-p 00015000 08:01 524775                     /lib/x86_64-linux-gnu/libnsl-2.24.so
7f9572b95000-7f9572b97000 rw-p 00000000 00:00 0 
7f9572b97000-7f9572b9e000 r-xp 00000000 08:01 524776                     /lib/x86_64-linux-gnu/libnss_compat-2.24.so
7f9572b9e000-7f9572d9d000 ---p 00007000 08:01 524776                     /lib/x86_64-linux-gnu/libnss_compat-2.24.so
7f9572d9d000-7f9572d9e000 r--p 00006000 08:01 524776                     /lib/x86_64-linux-gnu/libnss_compat-2.24.so
7f9572d9e000-7f9572d9f000 rw-p 00007000 08:01 524776                     /lib/x86_64-linux-gnu/libnss_compat-2.24.so
7f9572d9f000-7f9572dcb000 r-xp 00000000 08:01 420087                     /usr/lib/jvm/java-8-openjdk-amd64/jre/lib/amd64/libjava.so
7f9572dcb000-7f9572fca000 ---p 0002c000 08:01 420087                     /usr/lib/jvm/java-8-openjdk-amd64/jre/lib/amd64/libjava.so
7f9572fca000-7f9572fcb000 r--p 0002b000 08:01 420087                     /usr/lib/jvm/java-8-openjdk-amd64/jre/lib/amd64/libjava.so
7f9572fcb000-7f9572fcd000 rw-p 0002c000 08:01 420087                     /usr/lib/jvm/java-8-openjdk-amd64/jre/lib/amd64/libjava.so
7f9572fcd000-7f9572fdc000 r-xp 00000000 08:01 420105                     /usr/lib/jvm/java-8-openjdk-amd64/jre/lib/amd64/libverify.so
7f9572fdc000-7f95731db000 ---p 0000f000 08:01 420105                     /usr/lib/jvm/java-8-openjdk-amd64/jre/lib/amd64/libverify.so
7f95731db000-7f95731dd000 r--p 0000e000 08:01 420105                     /usr/lib/jvm/java-8-openjdk-amd64/jre/lib/amd64/libverify.so
7f95731dd000-7f95731de000 rw-p 00010000 08:01 420105                     /usr/lib/jvm/java-8-openjdk-amd64/jre/lib/amd64/libverify.so
7f95731de000-7f95731e5000 r-xp 00000000 08:01 524785                     /lib/x86_64-linux-gnu/librt-2.24.so
7f95731e5000-7f95733e4000 ---p 00007000 08:01 524785                     /lib/x86_64-linux-gnu/librt-2.24.so
7f95733e4000-7f95733e5000 r--p 00006000 08:01 524785                     /lib/x86_64-linux-gnu/librt-2.24.so
7f95733e5000-7f95733e6000 rw-p 00007000 08:01 524785                     /lib/x86_64-linux-gnu/librt-2.24.so
7f95733e6000-7f95733fc000 r-xp 00000000 08:01 524295                     /lib/x86_64-linux-gnu/libgcc_s.so.1
7f95733fc000-7f95735fb000 ---p 00016000 08:01 524295                     /lib/x86_64-linux-gnu/libgcc_s.so.1
7f95735fb000-7f95735fc000 r--p 00015000 08:01 524295                     /lib/x86_64-linux-gnu/libgcc_s.so.1
7f95735fc000-7f95735fd000 rw-p 00016000 08:01 524295                     /lib/x86_64-linux-gnu/libgcc_s.so.1
7f95735fd000-7f9573700000 r-xp 00000000 08:01 524772                     /lib/x86_64-linux-gnu/libm-2.24.so
7f9573700000-7f95738ff000 ---p 00103000 08:01 524772                     /lib/x86_64-linux-gnu/libm-2.24.so
7f95738ff000-7f9573900000 r--p 00102000 08:01 524772                     /lib/x86_64-linux-gnu/libm-2.24.so
7f9573900000-7f9573901000 rw-p 00103000 08:01 524772                     /lib/x86_64-linux-gnu/libm-2.24.so
7f9573901000-7f9573a73000 r-xp 00000000 08:01 136239                     /usr/lib/x86_64-linux-gnu/libstdc++.so.6.0.22
7f9573a73000-7f9573c73000 ---p 00172000 08:01 136239                     /usr/lib/x86_64-linux-gnu/libstdc++.so.6.0.22
7f9573c73000-7f9573c7d000 r--p 00172000 08:01 136239                     /usr/lib/x86_64-linux-gnu/libstdc++.so.6.0.22
7f9573c7d000-7f9573c7f000 rw-p 0017c000 08:01 136239                     /usr/lib/x86_64-linux-gnu/libstdc++.so.6.0.22
7f9573c7f000-7f9573c83000 rw-p 00000000 00:00 0 
7f9573c83000-7f95748e9000 r-xp 00000000 08:01 420108                     /usr/lib/jvm/java-8-openjdk-amd64/jre/lib/amd64/server/libjvm.so
7f95748e9000-7f9574ae8000 ---p 00c66000 08:01 420108                     /usr/lib/jvm/java-8-openjdk-amd64/jre/lib/amd64/server/libjvm.so
7f9574ae8000-7f9574b7c000 r--p 00c65000 08:01 420108                     /usr/lib/jvm/java-8-openjdk-amd64/jre/lib/amd64/server/libjvm.so
7f9574b7c000-7f9574ba5000 rw-p 00cf9000 08:01 420108                     /usr/lib/jvm/java-8-openjdk-amd64/jre/lib/amd64/server/libjvm.so
7f9574ba5000-7f9574bd5000 rw-p 00000000 00:00 0 
7f9574bd5000-7f9574d6a000 r-xp 00000000 08:01 524768                     /lib/x86_64-linux-gnu/libc-2.24.so
7f9574d6a000-7f9574f6a000 ---p 00195000 08:01 524768                     /lib/x86_64-linux-gnu/libc-2.24.so
7f9574f6a000-7f9574f6e000 r--p 00195000 08:01 524768                     /lib/x86_64-linux-gnu/libc-2.24.so
7f9574f6e000-7f9574f70000 rw-p 00199000 08:01 524768                     /lib/x86_64-linux-gnu/libc-2.24.so
7f9574f70000-7f9574f74000 rw-p 00000000 00:00 0 
7f9574f74000-7f9574f77000 r-xp 00000000 08:01 524771                     /lib/x86_64-linux-gnu/libdl-2.24.so
7f9574f77000-7f9575176000 ---p 00003000 08:01 524771                     /lib/x86_64-linux-gnu/libdl-2.24.so
7f9575176000-7f9575177000 r--p 00002000 08:01 524771                     /lib/x86_64-linux-gnu/libdl-2.24.so
7f9575177000-7f9575178000 rw-p 00003000 08:01 524771                     /lib/x86_64-linux-gnu/libdl-2.24.so
7f9575178000-7f9575185000 r-xp 00000000 08:01 420069                     /usr/lib/jvm/java-8-openjdk-amd64/jre/lib/amd64/jli/libjli.so
7f9575185000-7f9575384000 ---p 0000d000 08:01 420069                     /usr/lib/jvm/java-8-openjdk-amd64/jre/lib/amd64/jli/libjli.so
7f9575384000-7f9575385000 r--p 0000c000 08:01 420069                     /usr/lib/jvm/java-8-openjdk-amd64/jre/lib/amd64/jli/libjli.so
7f9575385000-7f9575386000 rw-p 0000d000 08:01 420069                     /usr/lib/jvm/java-8-openjdk-amd64/jre/lib/amd64/jli/libjli.so
7f9575386000-7f957539f000 r-xp 00000000 08:01 524381                     /lib/x86_64-linux-gnu/libz.so.1.2.8
7f957539f000-7f957559e000 ---p 00019000 08:01 524381                     /lib/x86_64-linux-gnu/libz.so.1.2.8
7f957559e000-7f957559f000 r--p 00018000 08:01 524381                     /lib/x86_64-linux-gnu/libz.so.1.2.8
7f957559f000-7f95755a0000 rw-p 00019000 08:01 524381                     /lib/x86_64-linux-gnu/libz.so.1.2.8
7f95755a0000-7f95755b8000 r-xp 00000000 08:01 524783                     /lib/x86_64-linux-gnu/libpthread-2.24.so
7f95755b8000-7f95757b7000 ---p 00018000 08:01 524783                     /lib/x86_64-linux-gnu/libpthread-2.24.so
7f95757b7000-7f95757b8000 r--p 00017000 08:01 524783                     /lib/x86_64-linux-gnu/libpthread-2.24.so
7f95757b8000-7f95757b9000 rw-p 00018000 08:01 524783                     /lib/x86_64-linux-gnu/libpthread-2.24.so
7f95757b9000-7f95757bd000 rw-p 00000000 00:00 0 
7f95757bd000-7f95757e0000 r-xp 00000000 08:01 524764                     /lib/x86_64-linux-gnu/ld-2.24.so
7f95758c1000-7f95758c2000 ---p 00000000 00:00 0 
7f95758c2000-7f95758c5000 ---p 00000000 00:00 0 
7f95758c5000-7f95759c4000 rw-p 00000000 00:00 0 
7f95759d4000-7f95759dc000 rw-s 00000000 08:01 1311191                    /tmp/hsperfdata_tss/7626
7f95759dc000-7f95759dd000 rw-p 00000000 00:00 0 
7f95759dd000-7f95759de000 r--p 00000000 00:00 0 
7f95759de000-7f95759e0000 rw-p 00000000 00:00 0 
7f95759e0000-7f95759e1000 r--p 00023000 08:01 524764                     /lib/x86_64-linux-gnu/ld-2.24.so
7f95759e1000-7f95759e2000 rw-p 00024000 08:01 524764                     /lib/x86_64-linux-gnu/ld-2.24.so
7f95759e2000-7f95759e3000 rw-p 00000000 00:00 0 
7ffff8a64000-7ffff8a85000 rw-p 00000000 00:00 0                          [stack]
7ffff8bb5000-7ffff8bb7000 r--p 00000000 00:00 0                          [vvar]
7ffff8bb7000-7ffff8bb9000 r-xp 00000000 00:00 0                          [vdso]
ffffffffff600000-ffffffffff601000 r-xp 00000000 00:00 0                  [vsyscall]

VM Arguments:
java_command: /home/tss/NetBeansProjects/TSS2019/Java/Java - Me/nostalciac/target/surefire/surefirebooter4839352129010539122.jar /home/tss/NetBeansProjects/TSS2019/Java/Java - Me/nostalciac/target/surefire/surefire1591296827056246807tmp /home/tss/NetBeansProjects/TSS2019/Java/Java - Me/nostalciac/target/surefire/surefire3330897204694430983tmp
java_class_path (initial): /home/tss/NetBeansProjects/TSS2019/Java/Java - Me/nostalciac/target/surefire/surefirebooter4839352129010539122.jar
Launcher Type: SUN_STANDARD

Environment Variables:
JAVA_HOME=/usr/lib/jvm/default-java
PATH=/usr/local/bin:/usr/bin:/bin:/usr/local/games:/usr/games
USERNAME=tss
LD_LIBRARY_PATH=/usr/lib/jvm/default-java/jre/lib/amd64:/usr/lib/jvm/default-java/jre/lib/i386:
SHELL=/bin/bash
DISPLAY=:0

Signal Handlers:
SIGSEGV: [libjvm.so+0xa79db0], sa_mask[0]=11111111011111111101111111111110, sa_flags=SA_RESTART|SA_SIGINFO
SIGBUS: [libjvm.so+0xa79db0], sa_mask[0]=11111111011111111101111111111110, sa_flags=SA_RESTART|SA_SIGINFO
SIGFPE: [libjvm.so+0x8c24e0], sa_mask[0]=11111111011111111101111111111110, sa_flags=SA_RESTART|SA_SIGINFO
SIGPIPE: [libjvm.so+0x8c24e0], sa_mask[0]=11111111011111111101111111111110, sa_flags=SA_RESTART|SA_SIGINFO
SIGXFSZ: [libjvm.so+0x8c24e0], sa_mask[0]=11111111011111111101111111111110, sa_flags=SA_RESTART|SA_SIGINFO
SIGILL: [libjvm.so+0x8c24e0], sa_mask[0]=11111111011111111101111111111110, sa_flags=SA_RESTART|SA_SIGINFO
SIGUSR1: SIG_DFL, sa_mask[0]=00000000000000000000000000000000, sa_flags=none
SIGUSR2: [libjvm.so+0x8c2390], sa_mask[0]=00100000000000000000000000000000, sa_flags=SA_RESTART|SA_SIGINFO
SIGHUP: SIG_DFL, sa_mask[0]=00000000000000000000000000000000, sa_flags=none
SIGINT: SIG_IGN, sa_mask[0]=00000000000000000000000000000000, sa_flags=none
SIGTERM: SIG_DFL, sa_mask[0]=00000000000000000000000000000000, sa_flags=none
SIGQUIT: SIG_DFL, sa_mask[0]=00000000000000000000000000000000, sa_flags=none


---------------  S Y S T E M  ---------------

OS:PRETTY_NAME="Debian GNU/Linux 9 (stretch)"
NAME="Debian GNU/Linux"
VERSION_ID="9"
VERSION="9 (stretch)"
ID=debian
HOME_URL="https://www.debian.org/"
SUPPORT_URL="https://www.debian.org/support"
BUG_REPORT_URL="https://bugs.debian.org/"

uname:Linux 4.9.0-8-amd64 #1 SMP Debian 4.9.144-3.1 (2019-02-19) x86_64
libc:glibc 2.24 NPTL 2.24 
rlimit: STACK 8192k, CORE 0k, NPROC 23309, NOFILE 1048576, AS infinity
load average:3.51 1.22 0.73

/proc/meminfo:
MemTotal:        5989864 kB
MemFree:          118784 kB
MemAvailable:      24120 kB
Buffers:             732 kB
Cached:            91640 kB
SwapCached:            0 kB
Active:          5559388 kB
Inactive:          70144 kB
Active(anon):    5538096 kB
Inactive(anon):    52276 kB
Active(file):      21292 kB
Inactive(file):    17868 kB
Unevictable:          88 kB
Mlocked:              88 kB
SwapTotal:             0 kB
SwapFree:              0 kB
Dirty:               140 kB
Writeback:             0 kB
AnonPages:       5537352 kB
Mapped:            77932 kB
Shmem:             53108 kB
Slab:              72588 kB
SReclaimable:      24240 kB
SUnreclaim:        48348 kB
KernelStack:       20144 kB
PageTables:        86368 kB
NFS_Unstable:          0 kB
Bounce:                0 kB
WritebackTmp:          0 kB
CommitLimit:     2994932 kB
Committed_AS:   15880132 kB
VmallocTotal:   34359738367 kB
VmallocUsed:           0 kB
VmallocChunk:          0 kB
HardwareCorrupted:     0 kB
AnonHugePages:      2048 kB
ShmemHugePages:        0 kB
ShmemPmdMapped:        0 kB
HugePages_Total:       0
HugePages_Free:        0
HugePages_Rsvd:        0
HugePages_Surp:        0
Hugepagesize:       2048 kB
DirectMap4k:      167872 kB
DirectMap2M:     5998592 kB

container (cgroup) information:
container_type: cgroupv1
cpu_cpuset_cpus: 0-4
cpu_memory_nodes: 0
active_processor_count: 5
cpu_quota: -1
cpu_period: 100000
cpu_shares: -1
memory_limit_in_bytes: -1
memory_and_swap_limit_in_bytes: -2
memory_soft_limit_in_bytes: -1
memory_usage_in_bytes: 5725253632
memory_max_usage_in_bytes: 5735329792


CPU:total 5 (initial active 5) (5 cores per cpu, 1 threads per core) family 6 model 60 stepping 3, cmov, cx8, fxsr, mmx, sse, sse2, sse3, ssse3, sse4.1, sse4.2, popcnt, avx, avx2, clmul, lzcnt, tsc, tscinvbit

/proc/cpuinfo:
processor	: 0
vendor_id	: GenuineIntel
cpu family	: 6
model		: 60
model name	: Intel(R) Core(TM) i7-4790 CPU @ 3.60GHz
stepping	: 3
cpu MHz		: 3591.704
cache size	: 8192 KB
physical id	: 0
siblings	: 5
core id		: 0
cpu cores	: 5
apicid		: 0
initial apicid	: 0
fpu		: yes
fpu_exception	: yes
cpuid level	: 13
wp		: yes
flags		: fpu vme de pse tsc msr pae mce cx8 apic sep mtrr pge mca cmov pat pse36 clflush mmx fxsr sse sse2 ht syscall nx rdtscp lm constant_tsc rep_good nopl xtopology nonstop_tsc pni pclmulqdq ssse3 cx16 pcid sse4_1 sse4_2 x2apic movbe popcnt xsave avx rdrand hypervisor lahf_lm abm invpcid_single kaiser fsgsbase avx2 invpcid
bugs		: cpu_meltdown spectre_v1 spectre_v2 spec_store_bypass l1tf
bogomips	: 7183.40
clflush size	: 64
cache_alignment	: 64
address sizes	: 39 bits physical, 48 bits virtual
power management:

processor	: 1
vendor_id	: GenuineIntel
cpu family	: 6
model		: 60
model name	: Intel(R) Core(TM) i7-4790 CPU @ 3.60GHz
stepping	: 3
cpu MHz		: 3591.704
cache size	: 8192 KB
physical id	: 0
siblings	: 5
core id		: 1
cpu cores	: 5
apicid		: 1
initial apicid	: 1
fpu		: yes
fpu_exception	: yes
cpuid level	: 13
wp		: yes
flags		: fpu vme de pse tsc msr pae mce cx8 apic sep mtrr pge mca cmov pat pse36 clflush mmx fxsr sse sse2 ht syscall nx rdtscp lm constant_tsc rep_good nopl xtopology nonstop_tsc pni pclmulqdq ssse3 cx16 pcid sse4_1 sse4_2 x2apic movbe popcnt xsave avx rdrand hypervisor lahf_lm abm invpcid_single kaiser fsgsbase avx2 invpcid
bugs		: cpu_meltdown spectre_v1 spectre_v2 spec_store_bypass l1tf
bogomips	: 7183.40
clflush size	: 64
cache_alignment	: 64
address sizes	: 39 bits physical, 48 bits virtual
power management:

processor	: 2
vendor_id	: GenuineIntel
cpu family	: 6
model		: 60
model name	: Intel(R) Core(TM) i7-4790 CPU @ 3.60GHz
stepping	: 3
cpu MHz		: 3591.704
cache size	: 8192 KB
physical id	: 0
siblings	: 5
core id		: 2
cpu cores	: 5
apicid		: 2
initial apicid	: 2
fpu		: yes
fpu_exception	: yes
cpuid level	: 13
wp		: yes
flags		: fpu vme de pse tsc msr pae mce cx8 apic sep mtrr pge mca cmov pat pse36 clflush mmx fxsr sse sse2 ht syscall nx rdtscp lm constant_tsc rep_good nopl xtopology nonstop_tsc pni pclmulqdq ssse3 cx16 pcid sse4_1 sse4_2 x2apic movbe popcnt xsave avx rdrand hypervisor lahf_lm abm invpcid_single kaiser fsgsbase avx2 invpcid
bugs		: cpu_meltdown spectre_v1 spectre_v2 spec_store_bypass l1tf
bogomips	: 7183.40
clflush size	: 64
cache_alignment	: 64
address sizes	: 39 bits physical, 48 bits virtual
power management:

processor	: 3
vendor_id	: GenuineIntel
cpu family	: 6
model		: 60
model name	: Intel(R) Core(TM) i7-4790 CPU @ 3.60GHz
stepping	: 3
cpu MHz		: 3591.704
cache size	: 8192 KB
physical id	: 0
siblings	: 5
core id		: 3
cpu cores	: 5
apicid		: 3
initial apicid	: 3
fpu		: yes
fpu_exception	: yes
cpuid level	: 13
wp		: yes
flags		: fpu vme de pse tsc msr pae mce cx8 apic sep mtrr pge mca cmov pat pse36 clflush mmx fxsr sse sse2 ht syscall nx rdtscp lm constant_tsc rep_good nopl xtopology nonstop_tsc pni pclmulqdq ssse3 cx16 pcid sse4_1 sse4_2 x2apic movbe popcnt xsave avx rdrand hypervisor lahf_lm abm invpcid_single kaiser fsgsbase avx2 invpcid
bugs		: cpu_meltdown spectre_v1 spectre_v2 spec_store_bypass l1tf
bogomips	: 7183.40
clflush size	: 64
cache_alignment	: 64
address sizes	: 39 bits physical, 48 bits virtual
power management:

processor	: 4
vendor_id	: GenuineIntel
cpu family	: 6
model		: 60
model name	: Intel(R) Core(TM) i7-4790 CPU @ 3.60GHz
stepping	: 3
cpu MHz		: 3591.704
cache size	: 8192 KB
physical id	: 0
siblings	: 5
core id		: 4
cpu cores	: 5
apicid		: 4
initial apicid	: 4
fpu		: yes
fpu_exception	: yes
cpuid level	: 13
wp		: yes
flags		: fpu vme de pse tsc msr pae mce cx8 apic sep mtrr pge mca cmov pat pse36 clflush mmx fxsr sse sse2 ht syscall nx rdtscp lm constant_tsc rep_good nopl xtopology nonstop_tsc pni pclmulqdq ssse3 cx16 pcid sse4_1 sse4_2 x2apic movbe popcnt xsave avx rdrand hypervisor lahf_lm abm invpcid_single kaiser fsgsbase avx2 invpcid
bugs		: cpu_meltdown spectre_v1 spectre_v2 spec_store_bypass l1tf
bogomips	: 7183.40
clflush size	: 64
cache_alignment	: 64
address sizes	: 39 bits physical, 48 bits virtual
power management:



Memory: 4k page, physical 5989864k(117048k free), swap 0k(0k free)

vm_info: OpenJDK 64-Bit Server VM (25.212-b01) for linux-amd64 JRE (1.8.0_212-8u212-b01-1~deb9u1-b01), built on Mar 18 2019 23:06:47 by "jmm" with gcc 6.3.0 20170516

time: Thu Mar 21 16:33:20 2019
timezone: CET
elapsed time: 5 seconds (0d 0h 0m 5s)

