#
# There is insufficient memory for the Java Runtime Environment to continue.
# Native memory allocation (mmap) failed to map 70254592 bytes for committing reserved memory.
# Possible reasons:
#   The system is out of physical RAM or swap space
#   The process is running with CompressedOops enabled, and the Java Heap may be blocking the growth of the native heap
# Possible solutions:
#   Reduce memory load on the system
#   Increase physical memory or swap space
#   Check if swap backing store is full
#   Decrease Java heap size (-Xmx/-Xms)
#   Decrease number of Java threads
#   Decrease Java thread stack sizes (-Xss)
#   Set larger code cache with -XX:ReservedCodeCacheSize=
#   JVM is running with Unscaled Compressed Oops mode in which the Java heap is
#     placed in the first 4GB address space. The Java Heap base address is the
#     maximum limit for the native heap growth. Please use -XX:HeapBaseMinAddress
#     to set the Java Heap base and to place the Java Heap above 4GB virtual address.
# This output file may be truncated or incomplete.
#
#  Out of Memory Error (os_linux.cpp:2756), pid=7402, tid=0x00007f6548a0e700
#
# JRE version: OpenJDK Runtime Environment (8.0_212-b01) (build 1.8.0_212-8u212-b01-1~deb9u1-b01)
# Java VM: OpenJDK 64-Bit Server VM (25.212-b01 mixed mode linux-amd64 compressed oops)
# Failed to write core dump. Core dumps have been disabled. To enable core dumping, try "ulimit -c unlimited" before starting Java again
#

---------------  T H R E A D  ---------------

Current thread (0x00007f655c07a800):  VMThread [stack: 0x00007f654890f000,0x00007f6548a0f000] [id=7411]

Stack: [0x00007f654890f000,0x00007f6548a0f000],  sp=0x00007f6548a0d4f0,  free space=1017k
Native frames: (J=compiled Java code, j=interpreted, Vv=VM code, C=native code)
V  [libjvm.so+0xa79300]
V  [libjvm.so+0x4cae7c]
V  [libjvm.so+0x8c7278]
V  [libjvm.so+0x8be57e]
V  [libjvm.so+0x93cace]
V  [libjvm.so+0x93de53]
V  [libjvm.so+0x93a4a3]
V  [libjvm.so+0x93a74c]
V  [libjvm.so+0x8ebbf3]
V  [libjvm.so+0xa7afd2]
V  [libjvm.so+0xa800a7]
V  [libjvm.so+0xa7d8f7]
V  [libjvm.so+0xa7ebd6]
V  [libjvm.so+0xa7f0d1]
V  [libjvm.so+0x8c4662]

VM_Operation (0x00007f6564bef2f0): ParallelGCFailedAllocation, mode: safepoint, requested by thread 0x00007f655c00b000


---------------  P R O C E S S  ---------------

Java Threads: ( => current thread )
  0x00007f655c40c800 JavaThread "resolver-4" daemon [_thread_blocked, id=7426, stack(0x00007f650af45000,0x00007f650b046000)]
  0x00007f655c40b800 JavaThread "resolver-3" daemon [_thread_blocked, id=7425, stack(0x00007f650b046000,0x00007f650b147000)]
  0x00007f655ca10800 JavaThread "resolver-2" daemon [_thread_blocked, id=7424, stack(0x00007f650b147000,0x00007f650b248000)]
  0x00007f655ca8b000 JavaThread "resolver-1" daemon [_thread_blocked, id=7423, stack(0x00007f650b248000,0x00007f650b349000)]
  0x00007f655c20a800 JavaThread "process reaper" daemon [_thread_blocked, id=7421, stack(0x00007f65139d0000,0x00007f6513a09000)]
  0x00007f655c0cc800 JavaThread "Service Thread" daemon [_thread_blocked, id=7418, stack(0x00007f654806c000,0x00007f654816d000)]
  0x00007f655c0bf800 JavaThread "C1 CompilerThread2" daemon [_thread_blocked, id=7417, stack(0x00007f654816e000,0x00007f654826e000)]
  0x00007f655c0bd800 JavaThread "C2 CompilerThread1" daemon [_thread_blocked, id=7416, stack(0x00007f654826f000,0x00007f654836f000)]
  0x00007f655c0ba800 JavaThread "C2 CompilerThread0" daemon [_thread_blocked, id=7415, stack(0x00007f6548370000,0x00007f6548470000)]
  0x00007f655c0b9000 JavaThread "Signal Dispatcher" daemon [_thread_blocked, id=7414, stack(0x00007f6548470000,0x00007f6548571000)]
  0x00007f655c086800 JavaThread "Finalizer" daemon [_thread_blocked, id=7413, stack(0x00007f654870c000,0x00007f654880d000)]
  0x00007f655c084000 JavaThread "Reference Handler" daemon [_thread_blocked, id=7412, stack(0x00007f654880d000,0x00007f654890e000)]
  0x00007f655c00b000 JavaThread "main" [_thread_blocked, id=7405, stack(0x00007f6564af2000,0x00007f6564bf2000)]

Other Threads:
=>0x00007f655c07a800 VMThread [stack: 0x00007f654890f000,0x00007f6548a0f000] [id=7411]
  0x00007f655c0cf000 WatcherThread [stack: 0x00007f6513f00000,0x00007f6514000000] [id=7419]

VM state:at safepoint (normal execution)

VM Mutex/Monitor currently owned by a thread:  ([mutex/lock_event])
[0x00007f655c0072c0] Threads_lock - owner thread: 0x00007f655c07a800
[0x00007f655c0077c0] Heap_lock - owner thread: 0x00007f655c00b000

heap address: 0x00000000a4800000, size: 1464 MB, Compressed Oops mode: 32-bit
Narrow klass base: 0x0000000000000000, Narrow klass shift: 3
Compressed class space size: 1073741824 Address: 0x0000000100000000

Heap:
 PSYoungGen      total 109056K, used 12781K [0x00000000e1800000, 0x00000000e8f00000, 0x0000000100000000)
  eden space 96256K, 0% used [0x00000000e1800000,0x00000000e1800000,0x00000000e7600000)
  from space 12800K, 99% used [0x00000000e7600000,0x00000000e827b610,0x00000000e8280000)
  to   space 12288K, 0% used [0x00000000e8300000,0x00000000e8300000,0x00000000e8f00000)
 ParOldGen       total 54272K, used 14184K [0x00000000a4800000, 0x00000000a7d00000, 0x00000000e1800000)
  object space 54272K, 26% used [0x00000000a4800000,0x00000000a55da130,0x00000000a7d00000)
 Metaspace       used 30978K, capacity 31684K, committed 32000K, reserved 1077248K
  class space    used 3571K, capacity 3752K, committed 3840K, reserved 1048576K

Card table byte_map: [0x00007f6560eeb000,0x00007f65611c8000] byte_map_base: 0x00007f65609c7000

Marking Bits: (ParMarkBitMap*) 0x00007f6563de85a0
 Begin Bits: [0x00007f654a240000, 0x00007f654b920000)
 End Bits:   [0x00007f654b920000, 0x00007f654d000000)

Polling page: 0x00007f6564c0d000

CodeCache: size=245760Kb used=12036Kb max_used=12043Kb free=233723Kb
 bounds [0x00007f654d000000, 0x00007f654dbd0000, 0x00007f655c000000]
 total_blobs=4059 nmethods=3661 adapters=312
 compilation: enabled

Compilation events (10 events):
Event: 7,023 Thread 0x00007f655c0bf800 nmethod 3665 0x00007f654dbcabd0 code [0x00007f654dbcad40, 0x00007f654dbcb090]
Event: 7,023 Thread 0x00007f655c0bf800 3666       3       org.sonatype.aether.util.graph.transformer.NearestVersionConflictResolver$Position::<init> (28 bytes)
Event: 7,023 Thread 0x00007f655c0bf800 nmethod 3666 0x00007f654dbcb1d0 code [0x00007f654dbcb340, 0x00007f654dbcb568]
Event: 7,023 Thread 0x00007f655c0bf800 3668       3       org.sonatype.aether.util.graph.transformer.NearestVersionConflictResolver::isAcceptable (48 bytes)
Event: 7,023 Thread 0x00007f655c0bd800 nmethod 3662 0x00007f654dbce410 code [0x00007f654dbce560, 0x00007f654dbce6b8]
Event: 7,023 Thread 0x00007f655c0bf800 nmethod 3668 0x00007f654dbcd9d0 code [0x00007f654dbcdba0, 0x00007f654dbce1b8]
Event: 7,023 Thread 0x00007f655c0bf800 3669       1       org.sonatype.aether.impl.internal.GraphEdge::getRequestContext (5 bytes)
Event: 7,024 Thread 0x00007f655c0bf800 nmethod 3669 0x00007f654dbcd710 code [0x00007f654dbcd860, 0x00007f654dbcd970]
Event: 7,024 Thread 0x00007f655c0bf800 3667       1       org.sonatype.aether.impl.internal.GraphEdge::getVersionConstraint (5 bytes)
Event: 7,024 Thread 0x00007f655c0bf800 nmethod 3667 0x00007f654dbcd450 code [0x00007f654dbcd5a0, 0x00007f654dbcd6b0]

GC Heap History (10 events):
Event: 2,130 GC heap after
Heap after GC invocations=3 (full 0):
 PSYoungGen      total 27648K, used 3568K [0x00000000e1800000, 0x00000000e4e00000, 0x0000000100000000)
  eden space 24064K, 0% used [0x00000000e1800000,0x00000000e1800000,0x00000000e2f80000)
  from space 3584K, 99% used [0x00000000e2f80000,0x00000000e32fc010,0x00000000e3300000)
  to   space 3584K, 0% used [0x00000000e4a80000,0x00000000e4a80000,0x00000000e4e00000)
 ParOldGen       total 62976K, used 2737K [0x00000000a4800000, 0x00000000a8580000, 0x00000000e1800000)
  object space 62976K, 4% used [0x00000000a4800000,0x00000000a4aac5a8,0x00000000a8580000)
 Metaspace       used 12970K, capacity 13298K, committed 13440K, reserved 1060864K
  class space    used 1563K, capacity 1660K, committed 1664K, reserved 1048576K
}
Event: 2,696 GC heap before
{Heap before GC invocations=4 (full 0):
 PSYoungGen      total 27648K, used 27632K [0x00000000e1800000, 0x00000000e4e00000, 0x0000000100000000)
  eden space 24064K, 100% used [0x00000000e1800000,0x00000000e2f80000,0x00000000e2f80000)
  from space 3584K, 99% used [0x00000000e2f80000,0x00000000e32fc010,0x00000000e3300000)
  to   space 3584K, 0% used [0x00000000e4a80000,0x00000000e4a80000,0x00000000e4e00000)
 ParOldGen       total 62976K, used 2737K [0x00000000a4800000, 0x00000000a8580000, 0x00000000e1800000)
  object space 62976K, 4% used [0x00000000a4800000,0x00000000a4aac5a8,0x00000000a8580000)
 Metaspace       used 13739K, capacity 14114K, committed 14336K, reserved 1062912K
  class space    used 1648K, capacity 1736K, committed 1792K, reserved 1048576K
Event: 2,707 GC heap after
Heap after GC invocations=4 (full 0):
 PSYoungGen      total 51712K, used 3568K [0x00000000e1800000, 0x00000000e4e00000, 0x0000000100000000)
  eden space 48128K, 0% used [0x00000000e1800000,0x00000000e1800000,0x00000000e4700000)
  from space 3584K, 99% used [0x00000000e4a80000,0x00000000e4dfc010,0x00000000e4e00000)
  to   space 3584K, 0% used [0x00000000e4700000,0x00000000e4700000,0x00000000e4a80000)
 ParOldGen       total 62976K, used 4573K [0x00000000a4800000, 0x00000000a8580000, 0x00000000e1800000)
  object space 62976K, 7% used [0x00000000a4800000,0x00000000a4c77778,0x00000000a8580000)
 Metaspace       used 13739K, capacity 14114K, committed 14336K, reserved 1062912K
  class space    used 1648K, capacity 1736K, committed 1792K, reserved 1048576K
}
Event: 3,790 GC heap before
{Heap before GC invocations=5 (full 0):
 PSYoungGen      total 51712K, used 51696K [0x00000000e1800000, 0x00000000e4e00000, 0x0000000100000000)
  eden space 48128K, 100% used [0x00000000e1800000,0x00000000e4700000,0x00000000e4700000)
  from space 3584K, 99% used [0x00000000e4a80000,0x00000000e4dfc010,0x00000000e4e00000)
  to   space 3584K, 0% used [0x00000000e4700000,0x00000000e4700000,0x00000000e4a80000)
 ParOldGen       total 62976K, used 4573K [0x00000000a4800000, 0x00000000a8580000, 0x00000000e1800000)
  object space 62976K, 7% used [0x00000000a4800000,0x00000000a4c77778,0x00000000a8580000)
 Metaspace       used 19383K, capacity 19998K, committed 20224K, reserved 1067008K
  class space    used 2319K, capacity 2464K, committed 2560K, reserved 1048576K
Event: 3,829 GC heap after
Heap after GC invocations=5 (full 0):
 PSYoungGen      total 51712K, used 3568K [0x00000000e1800000, 0x00000000e9000000, 0x0000000100000000)
  eden space 48128K, 0% used [0x00000000e1800000,0x00000000e1800000,0x00000000e4700000)
  from space 3584K, 99% used [0x00000000e4700000,0x00000000e4a7c010,0x00000000e4a80000)
  to   space 13312K, 0% used [0x00000000e8300000,0x00000000e8300000,0x00000000e9000000)
 ParOldGen       total 62976K, used 15882K [0x00000000a4800000, 0x00000000a8580000, 0x00000000e1800000)
  object space 62976K, 25% used [0x00000000a4800000,0x00000000a5782918,0x00000000a8580000)
 Metaspace       used 19383K, capacity 19998K, committed 20224K, reserved 1067008K
  class space    used 2319K, capacity 2464K, committed 2560K, reserved 1048576K
}
Event: 4,011 GC heap before
{Heap before GC invocations=6 (full 0):
 PSYoungGen      total 51712K, used 12325K [0x00000000e1800000, 0x00000000e9000000, 0x0000000100000000)
  eden space 48128K, 18% used [0x00000000e1800000,0x00000000e208d700,0x00000000e4700000)
  from space 3584K, 99% used [0x00000000e4700000,0x00000000e4a7c010,0x00000000e4a80000)
  to   space 13312K, 0% used [0x00000000e8300000,0x00000000e8300000,0x00000000e9000000)
 ParOldGen       total 62976K, used 15882K [0x00000000a4800000, 0x00000000a8580000, 0x00000000e1800000)
  object space 62976K, 25% used [0x00000000a4800000,0x00000000a5782918,0x00000000a8580000)
 Metaspace       used 20483K, capacity 21062K, committed 21296K, reserved 1069056K
  class space    used 2416K, capacity 2564K, committed 2688K, reserved 1048576K
Event: 4,019 GC heap after
Heap after GC invocations=6 (full 0):
 PSYoungGen      total 108544K, used 4770K [0x00000000e1800000, 0x00000000e8f00000, 0x0000000100000000)
  eden space 96256K, 0% used [0x00000000e1800000,0x00000000e1800000,0x00000000e7600000)
  from space 12288K, 38% used [0x00000000e8300000,0x00000000e87a88e8,0x00000000e8f00000)
  to   space 12800K, 0% used [0x00000000e7600000,0x00000000e7600000,0x00000000e8280000)
 ParOldGen       total 62976K, used 15882K [0x00000000a4800000, 0x00000000a8580000, 0x00000000e1800000)
  object space 62976K, 25% used [0x00000000a4800000,0x00000000a5782918,0x00000000a8580000)
 Metaspace       used 20483K, capacity 21062K, committed 21296K, reserved 1069056K
  class space    used 2416K, capacity 2564K, committed 2688K, reserved 1048576K
}
Event: 4,020 GC heap before
{Heap before GC invocations=7 (full 1):
 PSYoungGen      total 108544K, used 4770K [0x00000000e1800000, 0x00000000e8f00000, 0x0000000100000000)
  eden space 96256K, 0% used [0x00000000e1800000,0x00000000e1800000,0x00000000e7600000)
  from space 12288K, 38% used [0x00000000e8300000,0x00000000e87a88e8,0x00000000e8f00000)
  to   space 12800K, 0% used [0x00000000e7600000,0x00000000e7600000,0x00000000e8280000)
 ParOldGen       total 62976K, used 15882K [0x00000000a4800000, 0x00000000a8580000, 0x00000000e1800000)
  object space 62976K, 25% used [0x00000000a4800000,0x00000000a5782918,0x00000000a8580000)
 Metaspace       used 20483K, capacity 21062K, committed 21296K, reserved 1069056K
  class space    used 2416K, capacity 2564K, committed 2688K, reserved 1048576K
Event: 4,073 GC heap after
Heap after GC invocations=7 (full 1):
 PSYoungGen      total 108544K, used 0K [0x00000000e1800000, 0x00000000e8f00000, 0x0000000100000000)
  eden space 96256K, 0% used [0x00000000e1800000,0x00000000e1800000,0x00000000e7600000)
  from space 12288K, 0% used [0x00000000e8300000,0x00000000e8300000,0x00000000e8f00000)
  to   space 12800K, 0% used [0x00000000e7600000,0x00000000e7600000,0x00000000e8280000)
 ParOldGen       total 54272K, used 13983K [0x00000000a4800000, 0x00000000a7d00000, 0x00000000e1800000)
  object space 54272K, 25% used [0x00000000a4800000,0x00000000a55a7c90,0x00000000a7d00000)
 Metaspace       used 20483K, capacity 21062K, committed 21296K, reserved 1069056K
  class space    used 2416K, capacity 2564K, committed 2688K, reserved 1048576K
}
Event: 7,035 GC heap before
{Heap before GC invocations=8 (full 1):
 PSYoungGen      total 108544K, used 96256K [0x00000000e1800000, 0x00000000e8f00000, 0x0000000100000000)
  eden space 96256K, 100% used [0x00000000e1800000,0x00000000e7600000,0x00000000e7600000)
  from space 12288K, 0% used [0x00000000e8300000,0x00000000e8300000,0x00000000e8f00000)
  to   space 12800K, 0% used [0x00000000e7600000,0x00000000e7600000,0x00000000e8280000)
 ParOldGen       total 54272K, used 13983K [0x00000000a4800000, 0x00000000a7d00000, 0x00000000e1800000)
  object space 54272K, 25% used [0x00000000a4800000,0x00000000a55a7c90,0x00000000a7d00000)
 Metaspace       used 30978K, capacity 31684K, committed 32000K, reserved 1077248K
  class space    used 3571K, capacity 3752K, committed 3840K, reserved 1048576K

Deoptimization events (10 events):
Event: 5,599 Thread 0x00007f655c00b000 Uncommon trap: reason=class_check action=maybe_recompile pc=0x00007f654d660110 method=java.util.AbstractList$Itr.hasNext()Z @ 8
Event: 5,599 Thread 0x00007f655c00b000 Uncommon trap: reason=class_check action=maybe_recompile pc=0x00007f654d69e708 method=java.util.AbstractList$Itr.next()Ljava/lang/Object; @ 14
Event: 5,709 Thread 0x00007f655c00b000 Uncommon trap: reason=unstable_if action=reinterpret pc=0x00007f654d4fc560 method=java.lang.String.trim()Ljava/lang/String; @ 63
Event: 6,722 Thread 0x00007f655c500800 Uncommon trap: reason=bimorphic action=maybe_recompile pc=0x00007f654da69c24 method=java.util.Hashtable.put(Ljava/lang/Object;Ljava/lang/Object;)Ljava/lang/Object; @ 18
Event: 6,722 Thread 0x00007f655c500800 Uncommon trap: reason=bimorphic action=maybe_recompile pc=0x00007f654da69c24 method=java.util.Hashtable.put(Ljava/lang/Object;Ljava/lang/Object;)Ljava/lang/Object; @ 18
Event: 6,722 Thread 0x00007f655c500800 Uncommon trap: reason=bimorphic action=maybe_recompile pc=0x00007f654da69c24 method=java.util.Hashtable.put(Ljava/lang/Object;Ljava/lang/Object;)Ljava/lang/Object; @ 18
Event: 6,722 Thread 0x00007f655c500800 Uncommon trap: reason=bimorphic action=maybe_recompile pc=0x00007f654da69c24 method=java.util.Hashtable.put(Ljava/lang/Object;Ljava/lang/Object;)Ljava/lang/Object; @ 18
Event: 6,722 Thread 0x00007f655c500800 Uncommon trap: reason=bimorphic action=maybe_recompile pc=0x00007f654da5b250 method=java.util.Hashtable.addEntry(ILjava/lang/Object;Ljava/lang/Object;I)V @ 38
Event: 6,722 Thread 0x00007f655c500800 Uncommon trap: reason=bimorphic action=maybe_recompile pc=0x00007f654da5b250 method=java.util.Hashtable.addEntry(ILjava/lang/Object;Ljava/lang/Object;I)V @ 38
Event: 6,723 Thread 0x00007f655c500800 Uncommon trap: reason=bimorphic action=maybe_recompile pc=0x00007f654da5b250 method=java.util.Hashtable.addEntry(ILjava/lang/Object;Ljava/lang/Object;I)V @ 38

Classes redefined (0 events):
No events

Internal exceptions (10 events):
Event: 4,898 Thread 0x00007f655c00b000 Exception <a 'java/io/FileNotFoundException'> (0x00000000e3e96a40) thrown at [/home/jmm/jdk/openjdk-8-8u212-b01/src/hotspot/src/share/vm/prims/jni.cpp, line 710]
Event: 4,898 Thread 0x00007f655c00b000 Exception <a 'java/io/FileNotFoundException'> (0x00000000e3e97490) thrown at [/home/jmm/jdk/openjdk-8-8u212-b01/src/hotspot/src/share/vm/prims/jni.cpp, line 710]
Event: 4,898 Thread 0x00007f655c00b000 Exception <a 'java/io/FileNotFoundException'> (0x00000000e3e98a08) thrown at [/home/jmm/jdk/openjdk-8-8u212-b01/src/hotspot/src/share/vm/prims/jni.cpp, line 710]
Event: 4,898 Thread 0x00007f655c00b000 Exception <a 'java/io/FileNotFoundException'> (0x00000000e3e994f0) thrown at [/home/jmm/jdk/openjdk-8-8u212-b01/src/hotspot/src/share/vm/prims/jni.cpp, line 710]
Event: 5,007 Thread 0x00007f655c00b000 Exception <a 'java/io/FileNotFoundException'> (0x00000000e4443a00) thrown at [/home/jmm/jdk/openjdk-8-8u212-b01/src/hotspot/src/share/vm/prims/jni.cpp, line 710]
Event: 5,007 Thread 0x00007f655c00b000 Exception <a 'java/io/FileNotFoundException'> (0x00000000e4444450) thrown at [/home/jmm/jdk/openjdk-8-8u212-b01/src/hotspot/src/share/vm/prims/jni.cpp, line 710]
Event: 5,007 Thread 0x00007f655c00b000 Exception <a 'java/io/FileNotFoundException'> (0x00000000e44458e8) thrown at [/home/jmm/jdk/openjdk-8-8u212-b01/src/hotspot/src/share/vm/prims/jni.cpp, line 710]
Event: 5,007 Thread 0x00007f655c00b000 Exception <a 'java/io/FileNotFoundException'> (0x00000000e44463d0) thrown at [/home/jmm/jdk/openjdk-8-8u212-b01/src/hotspot/src/share/vm/prims/jni.cpp, line 710]
Event: 5,446 Thread 0x00007f655c00b000 Exception <a 'java/lang/NoClassDefFoundError': org/slf4j/Logger> (0x00000000e5f22898) thrown at [/home/jmm/jdk/openjdk-8-8u212-b01/src/hotspot/src/share/vm/oops/constantPool.cpp, line 245]
Event: 5,542 Thread 0x00007f655ca10800 Implicit null exception at 0x00007f654d7600c8 to 0x00007f654d760181

Events (10 events):
Event: 6,774 loading class org/apache/maven/plugin/surefire/SurefireHelper done
Event: 6,774 loading class org/apache/maven/plugin/surefire/SurefireHelper
Event: 6,774 loading class org/apache/maven/plugin/surefire/SurefireHelper done
Event: 6,774 loading class org/apache/maven/plugin/surefire/SurefireHelper
Event: 6,774 loading class org/apache/maven/plugin/surefire/SurefireHelper done
Event: 6,774 loading class org/apache/maven/plugin/surefire/SurefireHelper
Event: 6,774 loading class org/apache/maven/plugin/surefire/SurefireHelper done
Event: 6,775 loading class java/lang/IllegalAccessError
Event: 6,783 loading class java/lang/IllegalAccessError done
Event: 7,035 Executing VM operation: ParallelGCFailedAllocation


Dynamic libraries:
a4800000-a7d00000 rw-p 00000000 00:00 0 
a7d00000-a8580000 ---p 00000000 00:00 0 
a8580000-e1800000 ---p 00000000 00:00 0 
e1800000-e8f00000 rw-p 00000000 00:00 0 
ed200000-100000000 ---p 00000000 00:00 0 
100000000-1003c0000 rw-p 00000000 00:00 0 
1003c0000-140000000 ---p 00000000 00:00 0 
55698d67f000-55698d680000 r-xp 00000000 08:01 402604                     /usr/lib/jvm/java-8-openjdk-amd64/jre/bin/java
55698d87f000-55698d880000 r--p 00000000 08:01 402604                     /usr/lib/jvm/java-8-openjdk-amd64/jre/bin/java
55698d880000-55698d881000 rw-p 00001000 08:01 402604                     /usr/lib/jvm/java-8-openjdk-amd64/jre/bin/java
55698eb23000-55698eb44000 rw-p 00000000 00:00 0                          [heap]
7f64e8000000-7f64e8021000 rw-p 00000000 00:00 0 
7f64e8021000-7f64ec000000 ---p 00000000 00:00 0 
7f64ec000000-7f64ec021000 rw-p 00000000 00:00 0 
7f64ec021000-7f64f0000000 ---p 00000000 00:00 0 
7f64f0000000-7f64f0021000 rw-p 00000000 00:00 0 
7f64f0021000-7f64f4000000 ---p 00000000 00:00 0 
7f64f4000000-7f64f4021000 rw-p 00000000 00:00 0 
7f64f4021000-7f64f8000000 ---p 00000000 00:00 0 
7f64f8000000-7f64f8021000 rw-p 00000000 00:00 0 
7f64f8021000-7f64fc000000 ---p 00000000 00:00 0 
7f64fc000000-7f64fc021000 rw-p 00000000 00:00 0 
7f64fc021000-7f6500000000 ---p 00000000 00:00 0 
7f6500000000-7f6500021000 rw-p 00000000 00:00 0 
7f6500021000-7f6504000000 ---p 00000000 00:00 0 
7f6504000000-7f6504021000 rw-p 00000000 00:00 0 
7f6504021000-7f6508000000 ---p 00000000 00:00 0 
7f650ac42000-7f650ac45000 ---p 00000000 00:00 0 
7f650ac45000-7f650ad43000 rw-p 00000000 00:00 0 
7f650ad43000-7f650ad46000 ---p 00000000 00:00 0 
7f650ad46000-7f650ae44000 rw-p 00000000 00:00 0 
7f650ae44000-7f650ae47000 ---p 00000000 00:00 0 
7f650ae47000-7f650af45000 rw-p 00000000 00:00 0 
7f650af45000-7f650af48000 ---p 00000000 00:00 0 
7f650af48000-7f650b046000 rw-p 00000000 00:00 0 
7f650b046000-7f650b049000 ---p 00000000 00:00 0 
7f650b049000-7f650b147000 rw-p 00000000 00:00 0 
7f650b147000-7f650b14a000 ---p 00000000 00:00 0 
7f650b14a000-7f650b248000 rw-p 00000000 00:00 0 
7f650b248000-7f650b24b000 ---p 00000000 00:00 0 
7f650b24b000-7f650b349000 rw-p 00000000 00:00 0 
7f650b349000-7f650b4c9000 rw-p 00000000 00:00 0 
7f650b4c9000-7f650b549000 ---p 00000000 00:00 0 
7f650b549000-7f650b749000 rw-p 00000000 00:00 0 
7f650b749000-7f650b949000 rw-p 00000000 00:00 0 
7f650b949000-7f650bb49000 rw-p 00000000 00:00 0 
7f650bb49000-7f650bd49000 rw-p 00000000 00:00 0 
7f650bd49000-7f650bf49000 rw-p 00000000 00:00 0 
7f650c000000-7f650c021000 rw-p 00000000 00:00 0 
7f650c021000-7f6510000000 ---p 00000000 00:00 0 
7f651005f000-7f6510066000 r--s 00000000 08:01 182746                     /usr/lib/x86_64-linux-gnu/gconv/gconv-modules.cache
7f6510066000-7f6510088000 r--p 00000000 08:01 133414                     /usr/share/locale/it/LC_MESSAGES/libc.mo
7f6510088000-7f651008a000 r--s 00016000 08:01 420136                     /usr/lib/jvm/java-8-openjdk-amd64/jre/lib/jce.jar
7f65100fe000-7f65100ff000 r--s 00002000 08:01 720411                     /home/tss/.m2/repository/org/apache/maven/reporting/maven-reporting-api/2.0.9/maven-reporting-api-2.0.9.jar
7f65100ff000-7f6510102000 r--s 00034000 08:01 720416                     /home/tss/.m2/repository/org/codehaus/plexus/plexus-utils/2.1/plexus-utils-2.1.jar
7f6510102000-7f6510104000 r--s 00006000 08:01 720403                     /home/tss/.m2/repository/org/apache/maven/shared/maven-common-artifact-filters/1.3/maven-common-artifact-filters-1.3.jar
7f6510104000-7f6510106000 r--s 0000d000 08:01 720409                     /home/tss/.m2/repository/org/apache/maven/surefire/maven-surefire-common/2.10/maven-surefire-common-2.10.jar
7f6510106000-7f651010b000 r--s 00023000 08:01 720413                     /home/tss/.m2/repository/org/apache/maven/surefire/surefire-api/2.10/surefire-api-2.10.jar
7f651010b000-7f651010d000 r--s 00007000 08:01 720404                     /home/tss/.m2/repository/org/apache/maven/surefire/surefire-booter/2.10/surefire-booter-2.10.jar
7f651010d000-7f651010f000 r--s 00006000 08:01 719523                     /home/tss/.m2/repository/org/apache/maven/plugins/maven-surefire-plugin/2.10/maven-surefire-plugin-2.10.jar
7f651010f000-7f651030f000 rw-p 00000000 00:00 0 
7f651030f000-7f6510389000 r--s 01103000 08:01 419992                     /usr/lib/jvm/java-8-openjdk-amd64/lib/tools.jar
7f6510389000-7f651038b000 r--s 00002000 08:01 720297                     /home/tss/.m2/repository/org/codehaus/plexus/plexus-compiler-javac/1.8.1/plexus-compiler-javac-1.8.1.jar
7f651038b000-7f651038d000 r--s 00000000 08:01 720295                     /home/tss/.m2/repository/org/codehaus/plexus/plexus-compiler-manager/1.8.1/plexus-compiler-manager-1.8.1.jar
7f651038d000-7f651038e000 r--s 00004000 08:01 720296                     /home/tss/.m2/repository/org/codehaus/plexus/plexus-compiler-api/1.8.1/plexus-compiler-api-1.8.1.jar
7f651038e000-7f6510390000 r--s 00006000 08:01 719529                     /home/tss/.m2/repository/org/apache/maven/plugins/maven-compiler-plugin/2.3.2/maven-compiler-plugin-2.3.2.jar
7f6510390000-7f6510392000 r--s 0000d000 08:01 720257                     /home/tss/.m2/repository/org/codehaus/plexus/plexus-interpolation/1.13/plexus-interpolation-1.13.jar
7f6510392000-7f6510393000 r--s 00001000 08:01 720250                     /home/tss/.m2/repository/org/sonatype/plexus/plexus-build-api/0.0.4/plexus-build-api-0.0.4.jar
7f6510393000-7f6510395000 r--s 00009000 08:01 720251                     /home/tss/.m2/repository/org/apache/maven/shared/maven-filtering/1.0/maven-filtering-1.0.jar
7f6510395000-7f6510398000 r--s 0001b000 08:01 720252                     /home/tss/.m2/repository/junit/junit/3.8.1/junit-3.8.1.jar
7f6510398000-7f651039a000 r--s 00002000 08:01 720243                     /home/tss/.m2/repository/org/codehaus/plexus/plexus-interactivity-api/1.0-alpha-4/plexus-interactivity-api-1.0-alpha-4.jar
7f651039a000-7f651039c000 r--s 00006000 08:01 720235                     /home/tss/.m2/repository/commons-cli/commons-cli/1.0/commons-cli-1.0.jar
7f651039c000-7f651039d000 r--s 00001000 08:01 720232                     /home/tss/.m2/repository/org/apache/maven/doxia/doxia-sink-api/1.0-alpha-7/doxia-sink-api-1.0-alpha-7.jar
7f651039d000-7f651039e000 r--s 00002000 08:01 720234                     /home/tss/.m2/repository/org/apache/maven/reporting/maven-reporting-api/2.0.6/maven-reporting-api-2.0.6.jar
7f651039e000-7f65103a0000 r--s 00005000 08:01 719515                     /home/tss/.m2/repository/org/apache/maven/plugins/maven-resources-plugin/2.5/maven-resources-plugin-2.5.jar
7f65103a0000-7f65105a0000 rw-p 00000000 00:00 0 
7f65105a0000-7f65105a4000 r--s 00033000 08:01 720259                     /home/tss/.m2/repository/org/codehaus/plexus/plexus-utils/2.0.5/plexus-utils-2.0.5.jar
7f65105a4000-7f65105a5000 r--s 00005000 08:01 719531                     /home/tss/.m2/repository/org/apache/maven/plugins/maven-clean-plugin/2.4.1/maven-clean-plugin-2.4.1.jar
7f65105a5000-7f65105b6000 r-xp 00000000 08:01 420099                     /usr/lib/jvm/java-8-openjdk-amd64/jre/lib/amd64/libnio.so
7f65105b6000-7f65107b5000 ---p 00011000 08:01 420099                     /usr/lib/jvm/java-8-openjdk-amd64/jre/lib/amd64/libnio.so
7f65107b5000-7f65107b6000 r--p 00010000 08:01 420099                     /usr/lib/jvm/java-8-openjdk-amd64/jre/lib/amd64/libnio.so
7f65107b6000-7f65107b7000 rw-p 00011000 08:01 420099                     /usr/lib/jvm/java-8-openjdk-amd64/jre/lib/amd64/libnio.so
7f65107b7000-7f65137b8000 rw-p 00000000 00:00 0 
7f65137b8000-7f65137cf000 r-xp 00000000 08:01 420098                     /usr/lib/jvm/java-8-openjdk-amd64/jre/lib/amd64/libnet.so
7f65137cf000-7f65139ce000 ---p 00017000 08:01 420098                     /usr/lib/jvm/java-8-openjdk-amd64/jre/lib/amd64/libnet.so
7f65139ce000-7f65139cf000 r--p 00016000 08:01 420098                     /usr/lib/jvm/java-8-openjdk-amd64/jre/lib/amd64/libnet.so
7f65139cf000-7f65139d0000 rw-p 00017000 08:01 420098                     /usr/lib/jvm/java-8-openjdk-amd64/jre/lib/amd64/libnet.so
7f65139d0000-7f65139d3000 ---p 00000000 00:00 0 
7f65139d3000-7f6513a09000 rw-p 00000000 00:00 0 
7f6513a09000-7f6513a0a000 r--p 00000000 00:00 0 
7f6513a0a000-7f6513c0a000 rw-p 00000000 00:00 0 
7f6513c0a000-7f6513c0e000 r--s 000a1000 08:01 420138                     /usr/lib/jvm/java-8-openjdk-amd64/jre/lib/jsse.jar
7f6513c0e000-7f6513e0e000 rw-p 00000000 00:00 0 
7f6513e0e000-7f6513e10000 r--s 0000d000 08:01 6514                       /home/tss/netbeans-8.2/java/maven-nblib/netbeans-eventspy.jar
7f6513e10000-7f6513e2f000 r--s 00154000 08:01 6532                       /home/tss/netbeans-8.2/java/maven/lib/sisu-guava-0.9.9.jar
7f6513e2f000-7f6513e30000 r--s 00006000 08:01 6445                       /home/tss/netbeans-8.2/java/maven/lib/plexus-sec-dispatcher-1.3.jar
7f6513e30000-7f6513e32000 r--s 00009000 08:01 6535                       /home/tss/netbeans-8.2/java/maven/lib/commons-cli-1.2.jar
7f6513e32000-7f6513e34000 r--s 00002000 08:01 6524                       /home/tss/netbeans-8.2/java/maven/lib/plexus-cipher-1.7.jar
7f6513e34000-7f6513e36000 r--s 0000a000 08:01 6506                       /home/tss/netbeans-8.2/java/maven/lib/maven-settings-3.0.5.jar
7f6513e36000-7f6513e3d000 r--s 0002b000 08:01 6465                       /home/tss/netbeans-8.2/java/maven/lib/sisu-inject-plexus-2.3.0.jar
7f6513e3d000-7f6513e3f000 r--s 0000d000 08:01 6446                       /home/tss/netbeans-8.2/java/maven/lib/plexus-interpolation-1.14.jar
7f6513e3f000-7f6513e4b000 r--s 0007d000 08:01 6531                       /home/tss/netbeans-8.2/java/maven/lib/maven-core-3.0.5.jar
7f6513e4b000-7f6513e4f000 r--s 00021000 08:01 6444                       /home/tss/netbeans-8.2/java/maven/lib/maven-model-builder-3.0.5.jar
7f6513e4f000-7f6513e52000 r--s 00008000 08:01 6391                       /home/tss/netbeans-8.2/java/maven/lib/maven-settings-builder-3.0.5.jar
7f6513e52000-7f6513e54000 r--s 00006000 08:01 6296                       /home/tss/netbeans-8.2/java/maven/lib/maven-repository-metadata-3.0.5.jar
7f6513e54000-7f6513e55000 r--s 0000a000 08:01 6505                       /home/tss/netbeans-8.2/java/maven/lib/maven-embedder-3.0.5.jar
7f6513e55000-7f6513e56000 r--s 00003000 08:01 6526                       /home/tss/netbeans-8.2/java/maven/lib/aether-spi-1.13.1.jar
7f6513e56000-7f6513e58000 r--s 00026000 08:01 6523                       /home/tss/netbeans-8.2/java/maven/lib/maven-model-3.0.5.jar
7f6513e58000-7f6513e5a000 r--s 0000b000 08:01 6490                       /home/tss/netbeans-8.2/java/maven/lib/maven-plugin-api-3.0.5.jar
7f6513e5a000-7f6513e60000 r--s 0003f000 08:01 6520                       /home/tss/netbeans-8.2/java/maven/lib/maven-compat-3.0.5.jar
7f6513e60000-7f6513e64000 r--s 00013000 08:01 6525                       /home/tss/netbeans-8.2/java/maven/lib/aether-api-1.13.1.jar
7f6513e64000-7f6513e68000 r--s 00033000 08:01 6517                       /home/tss/netbeans-8.2/java/maven/lib/plexus-utils-2.0.6.jar
7f6513e68000-7f6513e69000 r--s 00002000 08:01 6534                       /home/tss/netbeans-8.2/java/maven/lib/wagon-file-2.10.jar
7f6513e69000-7f6513eff000 r--s 007ce000 08:01 396105                     /usr/share/java/openjfx/jre/lib/ext/jfxrt.jar
7f6513eff000-7f6513f00000 ---p 00000000 00:00 0 
7f6513f00000-7f6514000000 rw-p 00000000 00:00 0 
7f6514000000-7f6514641000 rw-p 00000000 00:00 0 
7f6514641000-7f6518000000 ---p 00000000 00:00 0 
7f6518000000-7f6518021000 rw-p 00000000 00:00 0 
7f6518021000-7f651c000000 ---p 00000000 00:00 0 
7f651c000000-7f651c97c000 rw-p 00000000 00:00 0 
7f651c97c000-7f6520000000 ---p 00000000 00:00 0 
7f6520000000-7f6520984000 rw-p 00000000 00:00 0 
7f6520984000-7f6524000000 ---p 00000000 00:00 0 
7f6524000000-7f6524021000 rw-p 00000000 00:00 0 
7f6524021000-7f6528000000 ---p 00000000 00:00 0 
7f6528000000-7f6528021000 rw-p 00000000 00:00 0 
7f6528021000-7f652c000000 ---p 00000000 00:00 0 
7f652c000000-7f652c021000 rw-p 00000000 00:00 0 
7f652c021000-7f6530000000 ---p 00000000 00:00 0 
7f6530000000-7f6530021000 rw-p 00000000 00:00 0 
7f6530021000-7f6534000000 ---p 00000000 00:00 0 
7f6534000000-7f6534021000 rw-p 00000000 00:00 0 
7f6534021000-7f6538000000 ---p 00000000 00:00 0 
7f6538000000-7f6538021000 rw-p 00000000 00:00 0 
7f6538021000-7f653c000000 ---p 00000000 00:00 0 
7f653c000000-7f653c021000 rw-p 00000000 00:00 0 
7f653c021000-7f6540000000 ---p 00000000 00:00 0 
7f6540000000-7f6540021000 rw-p 00000000 00:00 0 
7f6540021000-7f6544000000 ---p 00000000 00:00 0 
7f6544000000-7f6544022000 rw-p 00000000 00:00 0 
7f6544022000-7f6548000000 ---p 00000000 00:00 0 
7f6548000000-7f6548002000 r--s 00006000 08:01 6362                       /home/tss/netbeans-8.2/java/maven/lib/aether-connector-wagon-1.13.1.jar
7f6548002000-7f6548004000 r--s 0000b000 08:01 6504                       /home/tss/netbeans-8.2/java/maven/lib/maven-artifact-3.0.5.jar
7f6548004000-7f654800c000 r--s 00050000 08:01 6476                       /home/tss/netbeans-8.2/java/maven/lib/sisu-guice-3.1.0-no_aop.jar
7f654800c000-7f6548010000 r--s 0001c000 08:01 6519                       /home/tss/netbeans-8.2/java/maven/lib/aether-util-1.13.1.jar
7f6548010000-7f6548012000 r--s 0000b000 08:01 6477                       /home/tss/netbeans-8.2/java/maven/lib/wagon-provider-api-2.10.jar
7f6548012000-7f6548014000 r--s 00000000 08:01 6175                       /home/tss/netbeans-8.2/java/maven/lib/plexus-component-annotations-1.5.5.jar
7f6548014000-7f6548043000 r--s 001c8000 08:01 6489                       /home/tss/netbeans-8.2/java/maven/lib/wagon-http-2.10-shaded.jar
7f6548043000-7f6548046000 r--s 0001d000 08:01 6518                       /home/tss/netbeans-8.2/java/maven/lib/aether-impl-1.13.1.jar
7f6548046000-7f654804d000 r--s 0003f000 08:01 6491                       /home/tss/netbeans-8.2/java/maven/lib/sisu-inject-bean-2.3.0.jar
7f654804d000-7f654804f000 r--s 0000c000 08:01 6409                       /home/tss/netbeans-8.2/java/maven/lib/maven-aether-provider-3.0.5.jar
7f654804f000-7f6548051000 r--s 0000a000 08:01 6479                       /home/tss/netbeans-8.2/java/maven/boot/plexus-classworlds-2.4.jar
7f6548051000-7f654806c000 r--s 00394000 08:01 420117                     /usr/lib/jvm/java-8-openjdk-amd64/jre/lib/ext/cldrdata.jar
7f654806c000-7f654806f000 ---p 00000000 00:00 0 
7f654806f000-7f654816d000 rw-p 00000000 00:00 0 
7f654816d000-7f654816e000 ---p 00000000 00:00 0 
7f654816e000-7f6548171000 ---p 00000000 00:00 0 
7f6548171000-7f654826e000 rw-p 00000000 00:00 0 
7f654826e000-7f654826f000 ---p 00000000 00:00 0 
7f654826f000-7f6548272000 ---p 00000000 00:00 0 
7f6548272000-7f654836f000 rw-p 00000000 00:00 0 
7f654836f000-7f6548370000 ---p 00000000 00:00 0 
7f6548370000-7f6548373000 ---p 00000000 00:00 0 
7f6548373000-7f6548470000 rw-p 00000000 00:00 0 
7f6548470000-7f6548473000 ---p 00000000 00:00 0 
7f6548473000-7f6548571000 rw-p 00000000 00:00 0 
7f6548571000-7f654870c000 r--p 00000000 08:01 133433                     /usr/lib/locale/locale-archive
7f654870c000-7f654870f000 ---p 00000000 00:00 0 
7f654870f000-7f654880d000 rw-p 00000000 00:00 0 
7f654880d000-7f6548810000 ---p 00000000 00:00 0 
7f6548810000-7f654890e000 rw-p 00000000 00:00 0 
7f654890e000-7f654890f000 ---p 00000000 00:00 0 
7f654890f000-7f6549a40000 rw-p 00000000 00:00 0 
7f6549a40000-7f654d000000 rw-p 00000000 00:00 0 
7f654d000000-7f654dbd0000 rwxp 00000000 00:00 0 
7f654dbd0000-7f655c000000 ---p 00000000 00:00 0 
7f655c000000-7f655cca2000 rw-p 00000000 00:00 0 
7f655cca2000-7f6560000000 ---p 00000000 00:00 0 
7f6560000000-7f6560001000 r--s 00002000 08:01 6492                       /home/tss/netbeans-8.2/java/maven/lib/wagon-http-shared-2.10.jar
7f6560001000-7f6560004000 r--s 00039000 08:01 420125                     /usr/lib/jvm/java-8-openjdk-amd64/jre/lib/ext/sunpkcs11.jar
7f6560004000-7f6560009000 r--s 0003c000 08:01 420124                     /usr/lib/jvm/java-8-openjdk-amd64/jre/lib/ext/sunjce_provider.jar
7f6560009000-7f65602dd000 rw-p 00000000 00:00 0 
7f65602dd000-7f65604ac000 r--s 03c3b000 08:01 420143                     /usr/lib/jvm/java-8-openjdk-amd64/jre/lib/rt.jar
7f65604ac000-7f6560522000 rw-p 00000000 00:00 0 
7f6560522000-7f65607fe000 rw-p 00000000 00:00 0 
7f65607fe000-7f65607ff000 ---p 00000000 00:00 0 
7f65607ff000-7f65608ff000 rw-p 00000000 00:00 0 
7f65608ff000-7f6560900000 ---p 00000000 00:00 0 
7f6560900000-7f6560a00000 rw-p 00000000 00:00 0 
7f6560a00000-7f6560a01000 ---p 00000000 00:00 0 
7f6560a01000-7f6560b01000 rw-p 00000000 00:00 0 
7f6560b01000-7f6560b02000 ---p 00000000 00:00 0 
7f6560b02000-7f6560c02000 rw-p 00000000 00:00 0 
7f6560c02000-7f6560c03000 ---p 00000000 00:00 0 
7f6560c03000-7f6560d03000 rw-p 00000000 00:00 0 
7f6560d03000-7f6560d1e000 rw-p 00000000 00:00 0 
7f6560d1e000-7f6560d22000 ---p 00000000 00:00 0 
7f6560d22000-7f6560eeb000 ---p 00000000 00:00 0 
7f6560eeb000-7f6560f06000 rw-p 00000000 00:00 0 
7f6560f06000-7f6560f0a000 ---p 00000000 00:00 0 
7f6560f0a000-7f65610d3000 ---p 00000000 00:00 0 
7f65610d3000-7f656110f000 rw-p 00000000 00:00 0 
7f656110f000-7f65611c7000 ---p 00000000 00:00 0 
7f65611c7000-7f65611f8000 rw-p 00000000 00:00 0 
7f65611f8000-7f6561588000 ---p 00000000 00:00 0 
7f6561588000-7f6561590000 r-xp 00000000 08:01 420106                     /usr/lib/jvm/java-8-openjdk-amd64/jre/lib/amd64/libzip.so
7f6561590000-7f656178f000 ---p 00008000 08:01 420106                     /usr/lib/jvm/java-8-openjdk-amd64/jre/lib/amd64/libzip.so
7f656178f000-7f6561790000 r--p 00007000 08:01 420106                     /usr/lib/jvm/java-8-openjdk-amd64/jre/lib/amd64/libzip.so
7f6561790000-7f6561791000 rw-p 00008000 08:01 420106                     /usr/lib/jvm/java-8-openjdk-amd64/jre/lib/amd64/libzip.so
7f6561791000-7f656179b000 r-xp 00000000 08:01 524778                     /lib/x86_64-linux-gnu/libnss_files-2.24.so
7f656179b000-7f656199b000 ---p 0000a000 08:01 524778                     /lib/x86_64-linux-gnu/libnss_files-2.24.so
7f656199b000-7f656199c000 r--p 0000a000 08:01 524778                     /lib/x86_64-linux-gnu/libnss_files-2.24.so
7f656199c000-7f656199d000 rw-p 0000b000 08:01 524778                     /lib/x86_64-linux-gnu/libnss_files-2.24.so
7f656199d000-7f65619a3000 rw-p 00000000 00:00 0 
7f65619a3000-7f65619ae000 r-xp 00000000 08:01 524780                     /lib/x86_64-linux-gnu/libnss_nis-2.24.so
7f65619ae000-7f6561bad000 ---p 0000b000 08:01 524780                     /lib/x86_64-linux-gnu/libnss_nis-2.24.so
7f6561bad000-7f6561bae000 r--p 0000a000 08:01 524780                     /lib/x86_64-linux-gnu/libnss_nis-2.24.so
7f6561bae000-7f6561baf000 rw-p 0000b000 08:01 524780                     /lib/x86_64-linux-gnu/libnss_nis-2.24.so
7f6561baf000-7f6561bc3000 r-xp 00000000 08:01 524775                     /lib/x86_64-linux-gnu/libnsl-2.24.so
7f6561bc3000-7f6561dc3000 ---p 00014000 08:01 524775                     /lib/x86_64-linux-gnu/libnsl-2.24.so
7f6561dc3000-7f6561dc4000 r--p 00014000 08:01 524775                     /lib/x86_64-linux-gnu/libnsl-2.24.so
7f6561dc4000-7f6561dc5000 rw-p 00015000 08:01 524775                     /lib/x86_64-linux-gnu/libnsl-2.24.so
7f6561dc5000-7f6561dc7000 rw-p 00000000 00:00 0 
7f6561dc7000-7f6561dce000 r-xp 00000000 08:01 524776                     /lib/x86_64-linux-gnu/libnss_compat-2.24.so
7f6561dce000-7f6561fcd000 ---p 00007000 08:01 524776                     /lib/x86_64-linux-gnu/libnss_compat-2.24.so
7f6561fcd000-7f6561fce000 r--p 00006000 08:01 524776                     /lib/x86_64-linux-gnu/libnss_compat-2.24.so
7f6561fce000-7f6561fcf000 rw-p 00007000 08:01 524776                     /lib/x86_64-linux-gnu/libnss_compat-2.24.so
7f6561fcf000-7f6561ffb000 r-xp 00000000 08:01 420087                     /usr/lib/jvm/java-8-openjdk-amd64/jre/lib/amd64/libjava.so
7f6561ffb000-7f65621fa000 ---p 0002c000 08:01 420087                     /usr/lib/jvm/java-8-openjdk-amd64/jre/lib/amd64/libjava.so
7f65621fa000-7f65621fb000 r--p 0002b000 08:01 420087                     /usr/lib/jvm/java-8-openjdk-amd64/jre/lib/amd64/libjava.so
7f65621fb000-7f65621fd000 rw-p 0002c000 08:01 420087                     /usr/lib/jvm/java-8-openjdk-amd64/jre/lib/amd64/libjava.so
7f65621fd000-7f656220c000 r-xp 00000000 08:01 420105                     /usr/lib/jvm/java-8-openjdk-amd64/jre/lib/amd64/libverify.so
7f656220c000-7f656240b000 ---p 0000f000 08:01 420105                     /usr/lib/jvm/java-8-openjdk-amd64/jre/lib/amd64/libverify.so
7f656240b000-7f656240d000 r--p 0000e000 08:01 420105                     /usr/lib/jvm/java-8-openjdk-amd64/jre/lib/amd64/libverify.so
7f656240d000-7f656240e000 rw-p 00010000 08:01 420105                     /usr/lib/jvm/java-8-openjdk-amd64/jre/lib/amd64/libverify.so
7f656240e000-7f6562415000 r-xp 00000000 08:01 524785                     /lib/x86_64-linux-gnu/librt-2.24.so
7f6562415000-7f6562614000 ---p 00007000 08:01 524785                     /lib/x86_64-linux-gnu/librt-2.24.so
7f6562614000-7f6562615000 r--p 00006000 08:01 524785                     /lib/x86_64-linux-gnu/librt-2.24.so
7f6562615000-7f6562616000 rw-p 00007000 08:01 524785                     /lib/x86_64-linux-gnu/librt-2.24.so
7f6562616000-7f656262c000 r-xp 00000000 08:01 524295                     /lib/x86_64-linux-gnu/libgcc_s.so.1
7f656262c000-7f656282b000 ---p 00016000 08:01 524295                     /lib/x86_64-linux-gnu/libgcc_s.so.1
7f656282b000-7f656282c000 r--p 00015000 08:01 524295                     /lib/x86_64-linux-gnu/libgcc_s.so.1
7f656282c000-7f656282d000 rw-p 00016000 08:01 524295                     /lib/x86_64-linux-gnu/libgcc_s.so.1
7f656282d000-7f6562930000 r-xp 00000000 08:01 524772                     /lib/x86_64-linux-gnu/libm-2.24.so
7f6562930000-7f6562b2f000 ---p 00103000 08:01 524772                     /lib/x86_64-linux-gnu/libm-2.24.so
7f6562b2f000-7f6562b30000 r--p 00102000 08:01 524772                     /lib/x86_64-linux-gnu/libm-2.24.so
7f6562b30000-7f6562b31000 rw-p 00103000 08:01 524772                     /lib/x86_64-linux-gnu/libm-2.24.so
7f6562b31000-7f6562ca3000 r-xp 00000000 08:01 136239                     /usr/lib/x86_64-linux-gnu/libstdc++.so.6.0.22
7f6562ca3000-7f6562ea3000 ---p 00172000 08:01 136239                     /usr/lib/x86_64-linux-gnu/libstdc++.so.6.0.22
7f6562ea3000-7f6562ead000 r--p 00172000 08:01 136239                     /usr/lib/x86_64-linux-gnu/libstdc++.so.6.0.22
7f6562ead000-7f6562eaf000 rw-p 0017c000 08:01 136239                     /usr/lib/x86_64-linux-gnu/libstdc++.so.6.0.22
7f6562eaf000-7f6562eb3000 rw-p 00000000 00:00 0 
7f6562eb3000-7f6563b19000 r-xp 00000000 08:01 420108                     /usr/lib/jvm/java-8-openjdk-amd64/jre/lib/amd64/server/libjvm.so
7f6563b19000-7f6563d18000 ---p 00c66000 08:01 420108                     /usr/lib/jvm/java-8-openjdk-amd64/jre/lib/amd64/server/libjvm.so
7f6563d18000-7f6563dac000 r--p 00c65000 08:01 420108                     /usr/lib/jvm/java-8-openjdk-amd64/jre/lib/amd64/server/libjvm.so
7f6563dac000-7f6563dd5000 rw-p 00cf9000 08:01 420108                     /usr/lib/jvm/java-8-openjdk-amd64/jre/lib/amd64/server/libjvm.so
7f6563dd5000-7f6563e05000 rw-p 00000000 00:00 0 
7f6563e05000-7f6563f9a000 r-xp 00000000 08:01 524768                     /lib/x86_64-linux-gnu/libc-2.24.so
7f6563f9a000-7f656419a000 ---p 00195000 08:01 524768                     /lib/x86_64-linux-gnu/libc-2.24.so
7f656419a000-7f656419e000 r--p 00195000 08:01 524768                     /lib/x86_64-linux-gnu/libc-2.24.so
7f656419e000-7f65641a0000 rw-p 00199000 08:01 524768                     /lib/x86_64-linux-gnu/libc-2.24.so
7f65641a0000-7f65641a4000 rw-p 00000000 00:00 0 
7f65641a4000-7f65641a7000 r-xp 00000000 08:01 524771                     /lib/x86_64-linux-gnu/libdl-2.24.so
7f65641a7000-7f65643a6000 ---p 00003000 08:01 524771                     /lib/x86_64-linux-gnu/libdl-2.24.so
7f65643a6000-7f65643a7000 r--p 00002000 08:01 524771                     /lib/x86_64-linux-gnu/libdl-2.24.so
7f65643a7000-7f65643a8000 rw-p 00003000 08:01 524771                     /lib/x86_64-linux-gnu/libdl-2.24.so
7f65643a8000-7f65643b5000 r-xp 00000000 08:01 420069                     /usr/lib/jvm/java-8-openjdk-amd64/jre/lib/amd64/jli/libjli.so
7f65643b5000-7f65645b4000 ---p 0000d000 08:01 420069                     /usr/lib/jvm/java-8-openjdk-amd64/jre/lib/amd64/jli/libjli.so
7f65645b4000-7f65645b5000 r--p 0000c000 08:01 420069                     /usr/lib/jvm/java-8-openjdk-amd64/jre/lib/amd64/jli/libjli.so
7f65645b5000-7f65645b6000 rw-p 0000d000 08:01 420069                     /usr/lib/jvm/java-8-openjdk-amd64/jre/lib/amd64/jli/libjli.so
7f65645b6000-7f65645cf000 r-xp 00000000 08:01 524381                     /lib/x86_64-linux-gnu/libz.so.1.2.8
7f65645cf000-7f65647ce000 ---p 00019000 08:01 524381                     /lib/x86_64-linux-gnu/libz.so.1.2.8
7f65647ce000-7f65647cf000 r--p 00018000 08:01 524381                     /lib/x86_64-linux-gnu/libz.so.1.2.8
7f65647cf000-7f65647d0000 rw-p 00019000 08:01 524381                     /lib/x86_64-linux-gnu/libz.so.1.2.8
7f65647d0000-7f65647e8000 r-xp 00000000 08:01 524783                     /lib/x86_64-linux-gnu/libpthread-2.24.so
7f65647e8000-7f65649e7000 ---p 00018000 08:01 524783                     /lib/x86_64-linux-gnu/libpthread-2.24.so
7f65649e7000-7f65649e8000 r--p 00017000 08:01 524783                     /lib/x86_64-linux-gnu/libpthread-2.24.so
7f65649e8000-7f65649e9000 rw-p 00018000 08:01 524783                     /lib/x86_64-linux-gnu/libpthread-2.24.so
7f65649e9000-7f65649ed000 rw-p 00000000 00:00 0 
7f65649ed000-7f6564a10000 r-xp 00000000 08:01 524764                     /lib/x86_64-linux-gnu/ld-2.24.so
7f6564a10000-7f6564a12000 r--s 00007000 08:01 402375                     /usr/share/java/java-atk-wrapper.jar
7f6564a12000-7f6564a14000 r--s 00001000 08:01 420118                     /usr/lib/jvm/java-8-openjdk-amd64/jre/lib/ext/dnsns.jar
7f6564a14000-7f6564a15000 r--s 00010000 08:01 420126                     /usr/lib/jvm/java-8-openjdk-amd64/jre/lib/ext/zipfs.jar
7f6564a15000-7f6564a30000 r--s 001d6000 08:01 420122                     /usr/lib/jvm/java-8-openjdk-amd64/jre/lib/ext/nashorn.jar
7f6564a30000-7f6564ad4000 rw-p 00000000 00:00 0 
7f6564ad4000-7f6564af1000 rw-p 00000000 00:00 0 
7f6564af1000-7f6564af2000 ---p 00000000 00:00 0 
7f6564af2000-7f6564af5000 ---p 00000000 00:00 0 
7f6564af5000-7f6564bf4000 rw-p 00000000 00:00 0 
7f6564bf4000-7f6564bfe000 r--s 00116000 08:01 420121                     /usr/lib/jvm/java-8-openjdk-amd64/jre/lib/ext/localedata.jar
7f6564bfe000-7f6564c01000 r--s 0000f000 08:01 420119                     /usr/lib/jvm/java-8-openjdk-amd64/jre/lib/ext/icedtea-sound.jar
7f6564c01000-7f6564c03000 r--s 00008000 08:01 420123                     /usr/lib/jvm/java-8-openjdk-amd64/jre/lib/ext/sunec.jar
7f6564c03000-7f6564c04000 r--s 0000a000 08:01 420120                     /usr/lib/jvm/java-8-openjdk-amd64/jre/lib/ext/jaccess.jar
7f6564c04000-7f6564c0c000 rw-s 00000000 08:01 1311725                    /tmp/hsperfdata_tss/7402
7f6564c0c000-7f6564c0d000 rw-p 00000000 00:00 0 
7f6564c0d000-7f6564c0e000 ---p 00000000 00:00 0 
7f6564c0e000-7f6564c10000 rw-p 00000000 00:00 0 
7f6564c10000-7f6564c11000 r--p 00023000 08:01 524764                     /lib/x86_64-linux-gnu/ld-2.24.so
7f6564c11000-7f6564c12000 rw-p 00024000 08:01 524764                     /lib/x86_64-linux-gnu/ld-2.24.so
7f6564c12000-7f6564c13000 rw-p 00000000 00:00 0 
7ffd16775000-7ffd16796000 rw-p 00000000 00:00 0                          [stack]
7ffd167c4000-7ffd167c6000 r--p 00000000 00:00 0                          [vvar]
7ffd167c6000-7ffd167c8000 r-xp 00000000 00:00 0                          [vdso]
ffffffffff600000-ffffffffff601000 r-xp 00000000 00:00 0                  [vsyscall]

VM Arguments:
jvm_args: -Dclassworlds.conf=/home/tss/netbeans-8.2/java/maven/bin/m2.conf -Dmaven.home=/home/tss/netbeans-8.2/java/maven 
java_command: org.codehaus.plexus.classworlds.launcher.Launcher -Dmaven.ext.class.path=/home/tss/netbeans-8.2/java/maven-nblib/netbeans-eventspy.jar clean install
java_class_path (initial): /home/tss/netbeans-8.2/java/maven/boot/plexus-classworlds-2.4.jar
Launcher Type: SUN_STANDARD

Environment Variables:
JAVA_HOME=/usr/lib/jvm/default-java
PATH=/usr/local/bin:/usr/bin:/bin:/usr/local/games:/usr/games
USERNAME=tss
LD_LIBRARY_PATH=/usr/lib/jvm/default-java/jre/lib/amd64:/usr/lib/jvm/default-java/jre/lib/i386:
SHELL=/bin/bash
DISPLAY=:0

Signal Handlers:
SIGSEGV: [libjvm.so+0xa79db0], sa_mask[0]=11111111011111111101111111111110, sa_flags=SA_RESTART|SA_SIGINFO
SIGBUS: [libjvm.so+0xa79db0], sa_mask[0]=11111111011111111101111111111110, sa_flags=SA_RESTART|SA_SIGINFO
SIGFPE: [libjvm.so+0x8c24e0], sa_mask[0]=11111111011111111101111111111110, sa_flags=SA_RESTART|SA_SIGINFO
SIGPIPE: [libjvm.so+0x8c24e0], sa_mask[0]=11111111011111111101111111111110, sa_flags=SA_RESTART|SA_SIGINFO
SIGXFSZ: [libjvm.so+0x8c24e0], sa_mask[0]=11111111011111111101111111111110, sa_flags=SA_RESTART|SA_SIGINFO
SIGILL: [libjvm.so+0x8c24e0], sa_mask[0]=11111111011111111101111111111110, sa_flags=SA_RESTART|SA_SIGINFO
SIGUSR1: SIG_DFL, sa_mask[0]=00000000000000000000000000000000, sa_flags=none
SIGUSR2: [libjvm.so+0x8c2390], sa_mask[0]=00100000000000000000000000000000, sa_flags=SA_RESTART|SA_SIGINFO
SIGHUP: [libjvm.so+0x8c2a00], sa_mask[0]=11111111011111111101111111111110, sa_flags=SA_RESTART|SA_SIGINFO
SIGINT: SIG_IGN, sa_mask[0]=00000000000000000000000000000000, sa_flags=none
SIGTERM: [libjvm.so+0x8c2a00], sa_mask[0]=11111111011111111101111111111110, sa_flags=SA_RESTART|SA_SIGINFO
SIGQUIT: [libjvm.so+0x8c2a00], sa_mask[0]=11111111011111111101111111111110, sa_flags=SA_RESTART|SA_SIGINFO


---------------  S Y S T E M  ---------------

OS:PRETTY_NAME="Debian GNU/Linux 9 (stretch)"
NAME="Debian GNU/Linux"
VERSION_ID="9"
VERSION="9 (stretch)"
ID=debian
HOME_URL="https://www.debian.org/"
SUPPORT_URL="https://www.debian.org/support"
BUG_REPORT_URL="https://bugs.debian.org/"

uname:Linux 4.9.0-8-amd64 #1 SMP Debian 4.9.144-3.1 (2019-02-19) x86_64
libc:glibc 2.24 NPTL 2.24 
rlimit: STACK 8192k, CORE 0k, NPROC 23309, NOFILE 1048576, AS infinity
load average:0,53 0,41 0,39

/proc/meminfo:
MemTotal:        5989864 kB
MemFree:          115508 kB
MemAvailable:      32012 kB
Buffers:            6580 kB
Cached:           106412 kB
SwapCached:            0 kB
Active:          5557124 kB
Inactive:          72700 kB
Active(anon):    5517764 kB
Inactive(anon):    52116 kB
Active(file):      39360 kB
Inactive(file):    20584 kB
Unevictable:          88 kB
Mlocked:              88 kB
SwapTotal:             0 kB
SwapFree:              0 kB
Dirty:               648 kB
Writeback:             0 kB
AnonPages:       5517076 kB
Mapped:            83076 kB
Shmem:             52948 kB
Slab:              74480 kB
SReclaimable:      25788 kB
SUnreclaim:        48692 kB
KernelStack:       20400 kB
PageTables:        86140 kB
NFS_Unstable:          0 kB
Bounce:                0 kB
WritebackTmp:          0 kB
CommitLimit:     2994932 kB
Committed_AS:   15840072 kB
VmallocTotal:   34359738367 kB
VmallocUsed:           0 kB
VmallocChunk:          0 kB
HardwareCorrupted:     0 kB
AnonHugePages:      2048 kB
ShmemHugePages:        0 kB
ShmemPmdMapped:        0 kB
HugePages_Total:       0
HugePages_Free:        0
HugePages_Rsvd:        0
HugePages_Surp:        0
Hugepagesize:       2048 kB
DirectMap4k:      167872 kB
DirectMap2M:     5998592 kB

container (cgroup) information:
container_type: cgroupv1
cpu_cpuset_cpus: 0-4
cpu_memory_nodes: 0
active_processor_count: 5
cpu_quota: -1
cpu_period: 100000
cpu_shares: -1
memory_limit_in_bytes: -1
memory_and_swap_limit_in_bytes: -2
memory_soft_limit_in_bytes: -1
memory_usage_in_bytes: 5723049984
memory_max_usage_in_bytes: 5729189888


CPU:total 5 (initial active 5) (5 cores per cpu, 1 threads per core) family 6 model 60 stepping 3, cmov, cx8, fxsr, mmx, sse, sse2, sse3, ssse3, sse4.1, sse4.2, popcnt, avx, avx2, clmul, lzcnt, tsc, tscinvbit

/proc/cpuinfo:
processor	: 0
vendor_id	: GenuineIntel
cpu family	: 6
model		: 60
model name	: Intel(R) Core(TM) i7-4790 CPU @ 3.60GHz
stepping	: 3
cpu MHz		: 3591.704
cache size	: 8192 KB
physical id	: 0
siblings	: 5
core id		: 0
cpu cores	: 5
apicid		: 0
initial apicid	: 0
fpu		: yes
fpu_exception	: yes
cpuid level	: 13
wp		: yes
flags		: fpu vme de pse tsc msr pae mce cx8 apic sep mtrr pge mca cmov pat pse36 clflush mmx fxsr sse sse2 ht syscall nx rdtscp lm constant_tsc rep_good nopl xtopology nonstop_tsc pni pclmulqdq ssse3 cx16 pcid sse4_1 sse4_2 x2apic movbe popcnt xsave avx rdrand hypervisor lahf_lm abm invpcid_single kaiser fsgsbase avx2 invpcid
bugs		: cpu_meltdown spectre_v1 spectre_v2 spec_store_bypass l1tf
bogomips	: 7183.40
clflush size	: 64
cache_alignment	: 64
address sizes	: 39 bits physical, 48 bits virtual
power management:

processor	: 1
vendor_id	: GenuineIntel
cpu family	: 6
model		: 60
model name	: Intel(R) Core(TM) i7-4790 CPU @ 3.60GHz
stepping	: 3
cpu MHz		: 3591.704
cache size	: 8192 KB
physical id	: 0
siblings	: 5
core id		: 1
cpu cores	: 5
apicid		: 1
initial apicid	: 1
fpu		: yes
fpu_exception	: yes
cpuid level	: 13
wp		: yes
flags		: fpu vme de pse tsc msr pae mce cx8 apic sep mtrr pge mca cmov pat pse36 clflush mmx fxsr sse sse2 ht syscall nx rdtscp lm constant_tsc rep_good nopl xtopology nonstop_tsc pni pclmulqdq ssse3 cx16 pcid sse4_1 sse4_2 x2apic movbe popcnt xsave avx rdrand hypervisor lahf_lm abm invpcid_single kaiser fsgsbase avx2 invpcid
bugs		: cpu_meltdown spectre_v1 spectre_v2 spec_store_bypass l1tf
bogomips	: 7183.40
clflush size	: 64
cache_alignment	: 64
address sizes	: 39 bits physical, 48 bits virtual
power management:

processor	: 2
vendor_id	: GenuineIntel
cpu family	: 6
model		: 60
model name	: Intel(R) Core(TM) i7-4790 CPU @ 3.60GHz
stepping	: 3
cpu MHz		: 3591.704
cache size	: 8192 KB
physical id	: 0
siblings	: 5
core id		: 2
cpu cores	: 5
apicid		: 2
initial apicid	: 2
fpu		: yes
fpu_exception	: yes
cpuid level	: 13
wp		: yes
flags		: fpu vme de pse tsc msr pae mce cx8 apic sep mtrr pge mca cmov pat pse36 clflush mmx fxsr sse sse2 ht syscall nx rdtscp lm constant_tsc rep_good nopl xtopology nonstop_tsc pni pclmulqdq ssse3 cx16 pcid sse4_1 sse4_2 x2apic movbe popcnt xsave avx rdrand hypervisor lahf_lm abm invpcid_single kaiser fsgsbase avx2 invpcid
bugs		: cpu_meltdown spectre_v1 spectre_v2 spec_store_bypass l1tf
bogomips	: 7183.40
clflush size	: 64
cache_alignment	: 64
address sizes	: 39 bits physical, 48 bits virtual
power management:

processor	: 3
vendor_id	: GenuineIntel
cpu family	: 6
model		: 60
model name	: Intel(R) Core(TM) i7-4790 CPU @ 3.60GHz
stepping	: 3
cpu MHz		: 3591.704
cache size	: 8192 KB
physical id	: 0
siblings	: 5
core id		: 3
cpu cores	: 5
apicid		: 3
initial apicid	: 3
fpu		: yes
fpu_exception	: yes
cpuid level	: 13
wp		: yes
flags		: fpu vme de pse tsc msr pae mce cx8 apic sep mtrr pge mca cmov pat pse36 clflush mmx fxsr sse sse2 ht syscall nx rdtscp lm constant_tsc rep_good nopl xtopology nonstop_tsc pni pclmulqdq ssse3 cx16 pcid sse4_1 sse4_2 x2apic movbe popcnt xsave avx rdrand hypervisor lahf_lm abm invpcid_single kaiser fsgsbase avx2 invpcid
bugs		: cpu_meltdown spectre_v1 spectre_v2 spec_store_bypass l1tf
bogomips	: 7183.40
clflush size	: 64
cache_alignment	: 64
address sizes	: 39 bits physical, 48 bits virtual
power management:

processor	: 4
vendor_id	: GenuineIntel
cpu family	: 6
model		: 60
model name	: Intel(R) Core(TM) i7-4790 CPU @ 3.60GHz
stepping	: 3
cpu MHz		: 3591.704
cache size	: 8192 KB
physical id	: 0
siblings	: 5
core id		: 4
cpu cores	: 5
apicid		: 4
initial apicid	: 4
fpu		: yes
fpu_exception	: yes
cpuid level	: 13
wp		: yes
flags		: fpu vme de pse tsc msr pae mce cx8 apic sep mtrr pge mca cmov pat pse36 clflush mmx fxsr sse sse2 ht syscall nx rdtscp lm constant_tsc rep_good nopl xtopology nonstop_tsc pni pclmulqdq ssse3 cx16 pcid sse4_1 sse4_2 x2apic movbe popcnt xsave avx rdrand hypervisor lahf_lm abm invpcid_single kaiser fsgsbase avx2 invpcid
bugs		: cpu_meltdown spectre_v1 spectre_v2 spec_store_bypass l1tf
bogomips	: 7183.40
clflush size	: 64
cache_alignment	: 64
address sizes	: 39 bits physical, 48 bits virtual
power management:



Memory: 4k page, physical 5989864k(115508k free), swap 0k(0k free)

vm_info: OpenJDK 64-Bit Server VM (25.212-b01) for linux-amd64 JRE (1.8.0_212-8u212-b01-1~deb9u1-b01), built on Mar 18 2019 23:06:47 by "jmm" with gcc 6.3.0 20170516

time: Thu Mar 21 16:21:26 2019
timezone: CET
elapsed time: 7 seconds (0d 0h 0m 7s)

